running egg_info
creating ../../build/camera_run/camera_run.egg-info
writing ../../build/camera_run/camera_run.egg-info/PKG-INFO
writing dependency_links to ../../build/camera_run/camera_run.egg-info/dependency_links.txt
writing entry points to ../../build/camera_run/camera_run.egg-info/entry_points.txt
writing requirements to ../../build/camera_run/camera_run.egg-info/requires.txt
writing top-level names to ../../build/camera_run/camera_run.egg-info/top_level.txt
writing manifest file '../../build/camera_run/camera_run.egg-info/SOURCES.txt'
reading manifest file '../../build/camera_run/camera_run.egg-info/SOURCES.txt'
writing manifest file '../../build/camera_run/camera_run.egg-info/SOURCES.txt'
running build
running build_py
creating /home/samet/hallo/build/camera_run/build
creating /home/samet/hallo/build/camera_run/build/lib
creating /home/samet/hallo/build/camera_run/build/lib/camera_run
copying camera_run/intel_pub.py -> /home/samet/hallo/build/camera_run/build/lib/camera_run
copying camera_run/teleop.py -> /home/samet/hallo/build/camera_run/build/lib/camera_run
copying camera_run/slope_node.py -> /home/samet/hallo/build/camera_run/build/lib/camera_run
copying camera_run/lane_recognition.py -> /home/samet/hallo/build/camera_run/build/lib/camera_run
copying camera_run/intel_sub.py -> /home/samet/hallo/build/camera_run/build/lib/camera_run
copying camera_run/intel_lane.py -> /home/samet/hallo/build/camera_run/build/lib/camera_run
copying camera_run/steering.py -> /home/samet/hallo/build/camera_run/build/lib/camera_run
copying camera_run/lane_follower.py -> /home/samet/hallo/build/camera_run/build/lib/camera_run
copying camera_run/bot.py -> /home/samet/hallo/build/camera_run/build/lib/camera_run
copying camera_run/__init__.py -> /home/samet/hallo/build/camera_run/build/lib/camera_run
copying camera_run/LaneDetection_realsense.py -> /home/samet/hallo/build/camera_run/build/lib/camera_run
copying camera_run/ackermann_to_vesc.py -> /home/samet/hallo/build/camera_run/build/lib/camera_run
copying camera_run/intel_lane_sub.py -> /home/samet/hallo/build/camera_run/build/lib/camera_run
copying camera_run/slope_sub.py -> /home/samet/hallo/build/camera_run/build/lib/camera_run
running install
/usr/lib/python3/dist-packages/setuptools/command/install.py:34: SetuptoolsDeprecationWarning: setup.py install is deprecated. Use build and pip and other standards-based tools.
  warnings.warn(
running install_lib
creating /home/samet/hallo/install/camera_run/lib/python3.10/site-packages/camera_run
copying /home/samet/hallo/build/camera_run/build/lib/camera_run/intel_pub.py -> /home/samet/hallo/install/camera_run/lib/python3.10/site-packages/camera_run
copying /home/samet/hallo/build/camera_run/build/lib/camera_run/teleop.py -> /home/samet/hallo/install/camera_run/lib/python3.10/site-packages/camera_run
copying /home/samet/hallo/build/camera_run/build/lib/camera_run/slope_node.py -> /home/samet/hallo/install/camera_run/lib/python3.10/site-packages/camera_run
copying /home/samet/hallo/build/camera_run/build/lib/camera_run/lane_recognition.py -> /home/samet/hallo/install/camera_run/lib/python3.10/site-packages/camera_run
copying /home/samet/hallo/build/camera_run/build/lib/camera_run/intel_sub.py -> /home/samet/hallo/install/camera_run/lib/python3.10/site-packages/camera_run
copying /home/samet/hallo/build/camera_run/build/lib/camera_run/intel_lane.py -> /home/samet/hallo/install/camera_run/lib/python3.10/site-packages/camera_run
copying /home/samet/hallo/build/camera_run/build/lib/camera_run/steering.py -> /home/samet/hallo/install/camera_run/lib/python3.10/site-packages/camera_run
copying /home/samet/hallo/build/camera_run/build/lib/camera_run/lane_follower.py -> /home/samet/hallo/install/camera_run/lib/python3.10/site-packages/camera_run
copying /home/samet/hallo/build/camera_run/build/lib/camera_run/bot.py -> /home/samet/hallo/install/camera_run/lib/python3.10/site-packages/camera_run
copying /home/samet/hallo/build/camera_run/build/lib/camera_run/__init__.py -> /home/samet/hallo/install/camera_run/lib/python3.10/site-packages/camera_run
copying /home/samet/hallo/build/camera_run/build/lib/camera_run/LaneDetection_realsense.py -> /home/samet/hallo/install/camera_run/lib/python3.10/site-packages/camera_run
copying /home/samet/hallo/build/camera_run/build/lib/camera_run/ackermann_to_vesc.py -> /home/samet/hallo/install/camera_run/lib/python3.10/site-packages/camera_run
copying /home/samet/hallo/build/camera_run/build/lib/camera_run/intel_lane_sub.py -> /home/samet/hallo/install/camera_run/lib/python3.10/site-packages/camera_run
copying /home/samet/hallo/build/camera_run/build/lib/camera_run/slope_sub.py -> /home/samet/hallo/install/camera_run/lib/python3.10/site-packages/camera_run
byte-compiling /home/samet/hallo/install/camera_run/lib/python3.10/site-packages/camera_run/intel_pub.py to intel_pub.cpython-310.pyc
byte-compiling /home/samet/hallo/install/camera_run/lib/python3.10/site-packages/camera_run/teleop.py to teleop.cpython-310.pyc
byte-compiling /home/samet/hallo/install/camera_run/lib/python3.10/site-packages/camera_run/slope_node.py to slope_node.cpython-310.pyc
byte-compiling /home/samet/hallo/install/camera_run/lib/python3.10/site-packages/camera_run/lane_recognition.py to lane_recognition.cpython-310.pyc
byte-compiling /home/samet/hallo/install/camera_run/lib/python3.10/site-packages/camera_run/intel_sub.py to intel_sub.cpython-310.pyc
byte-compiling /home/samet/hallo/install/camera_run/lib/python3.10/site-packages/camera_run/intel_lane.py to intel_lane.cpython-310.pyc
byte-compiling /home/samet/hallo/install/camera_run/lib/python3.10/site-packages/camera_run/steering.py to steering.cpython-310.pyc
byte-compiling /home/samet/hallo/install/camera_run/lib/python3.10/site-packages/camera_run/lane_follower.py to lane_follower.cpython-310.pyc
byte-compiling /home/samet/hallo/install/camera_run/lib/python3.10/site-packages/camera_run/bot.py to bot.cpython-310.pyc
byte-compiling /home/samet/hallo/install/camera_run/lib/python3.10/site-packages/camera_run/__init__.py to __init__.cpython-310.pyc
byte-compiling /home/samet/hallo/install/camera_run/lib/python3.10/site-packages/camera_run/LaneDetection_realsense.py to LaneDetection_realsense.cpython-310.pyc
byte-compiling /home/samet/hallo/install/camera_run/lib/python3.10/site-packages/camera_run/ackermann_to_vesc.py to ackermann_to_vesc.cpython-310.pyc
byte-compiling /home/samet/hallo/install/camera_run/lib/python3.10/site-packages/camera_run/intel_lane_sub.py to intel_lane_sub.cpython-310.pyc
byte-compiling /home/samet/hallo/install/camera_run/lib/python3.10/site-packages/camera_run/slope_sub.py to slope_sub.cpython-310.pyc
running install_data
creating /home/samet/hallo/install/camera_run/share/ament_index
creating /home/samet/hallo/install/camera_run/share/ament_index/resource_index
creating /home/samet/hallo/install/camera_run/share/ament_index/resource_index/packages
copying resource/camera_run -> /home/samet/hallo/install/camera_run/share/ament_index/resource_index/packages
copying package.xml -> /home/samet/hallo/install/camera_run/share/camera_run
running install_egg_info
Copying ../../build/camera_run/camera_run.egg-info to /home/samet/hallo/install/camera_run/lib/python3.10/site-packages/camera_run-0.0.0-py3.10.egg-info
running install_scripts
Installing ackermann_to_vesc script to /home/samet/hallo/install/camera_run/lib/camera_run
Installing bot script to /home/samet/hallo/install/camera_run/lib/camera_run
Installing detection script to /home/samet/hallo/install/camera_run/lib/camera_run
Installing detection_node script to /home/samet/hallo/install/camera_run/lib/camera_run
Installing follower script to /home/samet/hallo/install/camera_run/lib/camera_run
Installing intel_lane script to /home/samet/hallo/install/camera_run/lib/camera_run
Installing intel_lane_sub script to /home/samet/hallo/install/camera_run/lib/camera_run
Installing intel_pub script to /home/samet/hallo/install/camera_run/lib/camera_run
Installing intel_sub script to /home/samet/hallo/install/camera_run/lib/camera_run
Installing slope_node script to /home/samet/hallo/install/camera_run/lib/camera_run
Installing slope_sub script to /home/samet/hallo/install/camera_run/lib/camera_run
Installing steering script to /home/samet/hallo/install/camera_run/lib/camera_run
Installing tele script to /home/samet/hallo/install/camera_run/lib/camera_run
writing list of installed files to '/home/samet/hallo/build/camera_run/install.log'
