[1.790s] Invoking command in '/home/samet/hallo/src/camera_run': PYTHONPATH=/home/samet/hallo/build/camera_run/prefix_override:/home/samet/hallo/install/camera_run/lib/python3.10/site-packages:${PYTHONPATH} /usr/bin/python3 setup.py egg_info --egg-base ../../build/camera_run build --build-base /home/samet/hallo/build/camera_run/build install --record /home/samet/hallo/build/camera_run/install.log --single-version-externally-managed
[2.287s] running egg_info
[2.290s] creating ../../build/camera_run/camera_run.egg-info
[2.291s] writing ../../build/camera_run/camera_run.egg-info/PKG-INFO
[2.292s] writing dependency_links to ../../build/camera_run/camera_run.egg-info/dependency_links.txt
[2.293s] writing entry points to ../../build/camera_run/camera_run.egg-info/entry_points.txt
[2.294s] writing requirements to ../../build/camera_run/camera_run.egg-info/requires.txt
[2.299s] writing top-level names to ../../build/camera_run/camera_run.egg-info/top_level.txt
[2.300s] writing manifest file '../../build/camera_run/camera_run.egg-info/SOURCES.txt'
[2.301s] reading manifest file '../../build/camera_run/camera_run.egg-info/SOURCES.txt'
[2.302s] writing manifest file '../../build/camera_run/camera_run.egg-info/SOURCES.txt'
[2.303s] running build
[2.304s] running build_py
[2.305s] creating /home/samet/hallo/build/camera_run/build
[2.306s] creating /home/samet/hallo/build/camera_run/build/lib
[2.306s] creating /home/samet/hallo/build/camera_run/build/lib/camera_run
[2.307s] copying camera_run/intel_pub.py -> /home/samet/hallo/build/camera_run/build/lib/camera_run
[2.308s] copying camera_run/teleop.py -> /home/samet/hallo/build/camera_run/build/lib/camera_run
[2.309s] copying camera_run/slope_node.py -> /home/samet/hallo/build/camera_run/build/lib/camera_run
[2.310s] copying camera_run/lane_recognition.py -> /home/samet/hallo/build/camera_run/build/lib/camera_run
[2.310s] copying camera_run/intel_sub.py -> /home/samet/hallo/build/camera_run/build/lib/camera_run
[2.311s] copying camera_run/intel_lane.py -> /home/samet/hallo/build/camera_run/build/lib/camera_run
[2.312s] copying camera_run/steering.py -> /home/samet/hallo/build/camera_run/build/lib/camera_run
[2.316s] copying camera_run/lane_follower.py -> /home/samet/hallo/build/camera_run/build/lib/camera_run
[2.319s] copying camera_run/bot.py -> /home/samet/hallo/build/camera_run/build/lib/camera_run
[2.319s] copying camera_run/__init__.py -> /home/samet/hallo/build/camera_run/build/lib/camera_run
[2.320s] copying camera_run/LaneDetection_realsense.py -> /home/samet/hallo/build/camera_run/build/lib/camera_run
[2.320s] copying camera_run/ackermann_to_vesc.py -> /home/samet/hallo/build/camera_run/build/lib/camera_run
[2.321s] copying camera_run/intel_lane_sub.py -> /home/samet/hallo/build/camera_run/build/lib/camera_run
[2.321s] copying camera_run/slope_sub.py -> /home/samet/hallo/build/camera_run/build/lib/camera_run
[2.322s] running install
[2.322s] /usr/lib/python3/dist-packages/setuptools/command/install.py:34: SetuptoolsDeprecationWarning: setup.py install is deprecated. Use build and pip and other standards-based tools.
[2.322s]   warnings.warn(
[2.322s] running install_lib
[2.323s] creating /home/samet/hallo/install/camera_run/lib/python3.10/site-packages/camera_run
[2.323s] copying /home/samet/hallo/build/camera_run/build/lib/camera_run/intel_pub.py -> /home/samet/hallo/install/camera_run/lib/python3.10/site-packages/camera_run
[2.323s] copying /home/samet/hallo/build/camera_run/build/lib/camera_run/teleop.py -> /home/samet/hallo/install/camera_run/lib/python3.10/site-packages/camera_run
[2.323s] copying /home/samet/hallo/build/camera_run/build/lib/camera_run/slope_node.py -> /home/samet/hallo/install/camera_run/lib/python3.10/site-packages/camera_run
[2.323s] copying /home/samet/hallo/build/camera_run/build/lib/camera_run/lane_recognition.py -> /home/samet/hallo/install/camera_run/lib/python3.10/site-packages/camera_run
[2.324s] copying /home/samet/hallo/build/camera_run/build/lib/camera_run/intel_sub.py -> /home/samet/hallo/install/camera_run/lib/python3.10/site-packages/camera_run
[2.325s] copying /home/samet/hallo/build/camera_run/build/lib/camera_run/intel_lane.py -> /home/samet/hallo/install/camera_run/lib/python3.10/site-packages/camera_run
[2.326s] copying /home/samet/hallo/build/camera_run/build/lib/camera_run/steering.py -> /home/samet/hallo/install/camera_run/lib/python3.10/site-packages/camera_run
[2.326s] copying /home/samet/hallo/build/camera_run/build/lib/camera_run/lane_follower.py -> /home/samet/hallo/install/camera_run/lib/python3.10/site-packages/camera_run
[2.327s] copying /home/samet/hallo/build/camera_run/build/lib/camera_run/bot.py -> /home/samet/hallo/install/camera_run/lib/python3.10/site-packages/camera_run
[2.327s] copying /home/samet/hallo/build/camera_run/build/lib/camera_run/__init__.py -> /home/samet/hallo/install/camera_run/lib/python3.10/site-packages/camera_run
[2.327s] copying /home/samet/hallo/build/camera_run/build/lib/camera_run/LaneDetection_realsense.py -> /home/samet/hallo/install/camera_run/lib/python3.10/site-packages/camera_run
[2.328s] copying /home/samet/hallo/build/camera_run/build/lib/camera_run/ackermann_to_vesc.py -> /home/samet/hallo/install/camera_run/lib/python3.10/site-packages/camera_run
[2.328s] copying /home/samet/hallo/build/camera_run/build/lib/camera_run/intel_lane_sub.py -> /home/samet/hallo/install/camera_run/lib/python3.10/site-packages/camera_run
[2.328s] copying /home/samet/hallo/build/camera_run/build/lib/camera_run/slope_sub.py -> /home/samet/hallo/install/camera_run/lib/python3.10/site-packages/camera_run
[2.328s] byte-compiling /home/samet/hallo/install/camera_run/lib/python3.10/site-packages/camera_run/intel_pub.py to intel_pub.cpython-310.pyc
[2.328s] byte-compiling /home/samet/hallo/install/camera_run/lib/python3.10/site-packages/camera_run/teleop.py to teleop.cpython-310.pyc
[2.328s] byte-compiling /home/samet/hallo/install/camera_run/lib/python3.10/site-packages/camera_run/slope_node.py to slope_node.cpython-310.pyc
[2.328s] byte-compiling /home/samet/hallo/install/camera_run/lib/python3.10/site-packages/camera_run/lane_recognition.py to lane_recognition.cpython-310.pyc
[2.329s] byte-compiling /home/samet/hallo/install/camera_run/lib/python3.10/site-packages/camera_run/intel_sub.py to intel_sub.cpython-310.pyc
[2.330s] byte-compiling /home/samet/hallo/install/camera_run/lib/python3.10/site-packages/camera_run/intel_lane.py to intel_lane.cpython-310.pyc
[2.333s] byte-compiling /home/samet/hallo/install/camera_run/lib/python3.10/site-packages/camera_run/steering.py to steering.cpython-310.pyc
[2.333s] byte-compiling /home/samet/hallo/install/camera_run/lib/python3.10/site-packages/camera_run/lane_follower.py to lane_follower.cpython-310.pyc
[2.334s] byte-compiling /home/samet/hallo/install/camera_run/lib/python3.10/site-packages/camera_run/bot.py to bot.cpython-310.pyc
[2.334s] byte-compiling /home/samet/hallo/install/camera_run/lib/python3.10/site-packages/camera_run/__init__.py to __init__.cpython-310.pyc
[2.335s] byte-compiling /home/samet/hallo/install/camera_run/lib/python3.10/site-packages/camera_run/LaneDetection_realsense.py to LaneDetection_realsense.cpython-310.pyc
[2.335s] byte-compiling /home/samet/hallo/install/camera_run/lib/python3.10/site-packages/camera_run/ackermann_to_vesc.py to ackermann_to_vesc.cpython-310.pyc
[2.338s] byte-compiling /home/samet/hallo/install/camera_run/lib/python3.10/site-packages/camera_run/intel_lane_sub.py to intel_lane_sub.cpython-310.pyc
[2.338s] byte-compiling /home/samet/hallo/install/camera_run/lib/python3.10/site-packages/camera_run/slope_sub.py to slope_sub.cpython-310.pyc
[2.338s] running install_data
[2.339s] creating /home/samet/hallo/install/camera_run/share/ament_index
[2.339s] creating /home/samet/hallo/install/camera_run/share/ament_index/resource_index
[2.339s] creating /home/samet/hallo/install/camera_run/share/ament_index/resource_index/packages
[2.339s] copying resource/camera_run -> /home/samet/hallo/install/camera_run/share/ament_index/resource_index/packages
[2.339s] copying package.xml -> /home/samet/hallo/install/camera_run/share/camera_run
[2.339s] running install_egg_info
[2.339s] Copying ../../build/camera_run/camera_run.egg-info to /home/samet/hallo/install/camera_run/lib/python3.10/site-packages/camera_run-0.0.0-py3.10.egg-info
[2.341s] running install_scripts
[2.374s] Installing ackermann_to_vesc script to /home/samet/hallo/install/camera_run/lib/camera_run
[2.375s] Installing bot script to /home/samet/hallo/install/camera_run/lib/camera_run
[2.375s] Installing detection script to /home/samet/hallo/install/camera_run/lib/camera_run
[2.375s] Installing detection_node script to /home/samet/hallo/install/camera_run/lib/camera_run
[2.376s] Installing follower script to /home/samet/hallo/install/camera_run/lib/camera_run
[2.376s] Installing intel_lane script to /home/samet/hallo/install/camera_run/lib/camera_run
[2.376s] Installing intel_lane_sub script to /home/samet/hallo/install/camera_run/lib/camera_run
[2.376s] Installing intel_pub script to /home/samet/hallo/install/camera_run/lib/camera_run
[2.377s] Installing intel_sub script to /home/samet/hallo/install/camera_run/lib/camera_run
[2.377s] Installing slope_node script to /home/samet/hallo/install/camera_run/lib/camera_run
[2.377s] Installing slope_sub script to /home/samet/hallo/install/camera_run/lib/camera_run
[2.377s] Installing steering script to /home/samet/hallo/install/camera_run/lib/camera_run
[2.378s] Installing tele script to /home/samet/hallo/install/camera_run/lib/camera_run
[2.378s] writing list of installed files to '/home/samet/hallo/build/camera_run/install.log'
[2.457s] Invoked command in '/home/samet/hallo/src/camera_run' returned '0': PYTHONPATH=/home/samet/hallo/build/camera_run/prefix_override:/home/samet/hallo/install/camera_run/lib/python3.10/site-packages:${PYTHONPATH} /usr/bin/python3 setup.py egg_info --egg-base ../../build/camera_run build --build-base /home/samet/hallo/build/camera_run/build install --record /home/samet/hallo/build/camera_run/install.log --single-version-externally-managed
