-- The C compiler identification is GNU 11.4.0
-- The CXX compiler identification is GNU 11.4.0
-- Detecting C compiler ABI info
-- Detecting C compiler ABI info - done
-- Check for working C compiler: /usr/bin/cc - skipped
-- Detecting C compile features
-- Detecting C compile features - done
-- Detecting CXX compiler ABI info
-- Detecting CXX compiler ABI info - done
-- Check for working CXX compiler: /usr/bin/c++ - skipped
-- Detecting CXX compile features
-- Detecting CXX compile features - done
-- Found ament_cmake: 1.3.7 (/opt/ros/humble/share/ament_cmake/cmake)
-- Found Python3: /usr/bin/python3.10 (found version "3.10.12") found components: Interpreter 
-- Found rosidl_default_generators: 1.2.0 (/opt/ros/humble/share/rosidl_default_generators/cmake)
-- Using all available rosidl_typesupport_c: rosidl_typesupport_fastrtps_c;rosidl_typesupport_introspection_c
-- Found rosidl_adapter: 3.1.5 (/opt/ros/humble/share/rosidl_adapter/cmake)
-- Using all available rosidl_typesupport_cpp: rosidl_typesupport_fastrtps_cpp;rosidl_typesupport_introspection_cpp
-- Found std_msgs: 4.2.3 (/opt/ros/humble/share/std_msgs/cmake)
-- Found ament_cmake_ros: 0.10.0 (/opt/ros/humble/share/ament_cmake_ros/cmake)
-- Using all available rosidl_typesupport_c: rosidl_typesupport_fastrtps_c;rosidl_typesupport_introspection_c
-- Using all available rosidl_typesupport_cpp: rosidl_typesupport_fastrtps_cpp;rosidl_typesupport_introspection_cpp
-- Found PythonInterp: /usr/bin/python3 (found suitable version "3.10.12", minimum required is "3.6") 
-- Found python_cmake_module: 0.10.0 (/opt/ros/humble/share/python_cmake_module/cmake)
-- Found PythonLibs: /usr/lib/x86_64-linux-gnu/libpython3.10.so (found suitable version "3.10.12", minimum required is "3.5") 
-- Using PYTHON_EXECUTABLE: /usr/bin/python3
-- Using PYTHON_INCLUDE_DIRS: /usr/include/python3.10
-- Using PYTHON_LIBRARIES: /usr/lib/x86_64-linux-gnu/libpython3.10.so
-- Found PythonExtra: .so  
-- Found ament_lint_auto: 0.12.10 (/opt/ros/humble/share/ament_lint_auto/cmake)
-- Added test 'lint_cmake' to check CMake code style
-- Added test 'xmllint' to check XML markup files
-- Configuring done
-- Generating done
-- Build files have been written to: /home/samet/hallo/build/team_interfaces
[  1%] [34m[1mGenerating C code for ROS interfaces[0m
[  3%] [34m[1mGenerating C++ code for ROS interfaces[0m
[  3%] Built target ament_cmake_python_copy_team_interfaces
running egg_info
creating team_interfaces.egg-info
writing team_interfaces.egg-info/PKG-INFO
writing dependency_links to team_interfaces.egg-info/dependency_links.txt
writing top-level names to team_interfaces.egg-info/top_level.txt
writing manifest file 'team_interfaces.egg-info/SOURCES.txt'
reading manifest file 'team_interfaces.egg-info/SOURCES.txt'
writing manifest file 'team_interfaces.egg-info/SOURCES.txt'
[  3%] Built target ament_cmake_python_build_team_interfaces_egg
[  4%] [32mBuilding C object CMakeFiles/team_interfaces__rosidl_generator_c.dir/rosidl_generator_c/team_interfaces/msg/detail/car__functions.c.o[0m
[  6%] [32mBuilding C object CMakeFiles/team_interfaces__rosidl_generator_c.dir/rosidl_generator_c/team_interfaces/msg/detail/lane__functions.c.o[0m
[  7%] [32mBuilding C object CMakeFiles/team_interfaces__rosidl_generator_c.dir/rosidl_generator_c/team_interfaces/msg/detail/signs__functions.c.o[0m
[  7%] Built target team_interfaces__cpp
[  9%] [32mBuilding C object CMakeFiles/team_interfaces__rosidl_generator_c.dir/rosidl_generator_c/team_interfaces/msg/detail/trafficlight__functions.c.o[0m
[ 11%] [32mBuilding C object CMakeFiles/team_interfaces__rosidl_generator_c.dir/rosidl_generator_c/team_interfaces/msg/detail/emergency__functions.c.o[0m
[ 12%] [34m[1mGenerating C++ type support dispatch for ROS interfaces[0m
[ 14%] [34m[1mGenerating C++ type support for eProsima Fast-RTPS[0m
[ 15%] [32m[1mLinking C shared library libteam_interfaces__rosidl_generator_c.so[0m
[ 17%] [34m[1mGenerating C++ introspection for ROS interfaces[0m
[ 17%] Built target team_interfaces__rosidl_generator_c
[ 19%] [34m[1mGenerating C type support for eProsima Fast-RTPS[0m
[ 20%] [32mBuilding CXX object CMakeFiles/team_interfaces__rosidl_typesupport_cpp.dir/rosidl_typesupport_cpp/team_interfaces/msg/car__type_support.cpp.o[0m
[ 22%] [32mBuilding CXX object CMakeFiles/team_interfaces__rosidl_typesupport_introspection_cpp.dir/rosidl_typesupport_introspection_cpp/team_interfaces/msg/detail/car__type_support.cpp.o[0m
[ 23%] [32mBuilding CXX object CMakeFiles/team_interfaces__rosidl_typesupport_fastrtps_cpp.dir/rosidl_typesupport_fastrtps_cpp/team_interfaces/msg/detail/dds_fastrtps/car__type_support.cpp.o[0m
[ 25%] [32mBuilding CXX object CMakeFiles/team_interfaces__rosidl_typesupport_fastrtps_c.dir/rosidl_typesupport_fastrtps_c/team_interfaces/msg/detail/car__type_support_c.cpp.o[0m
[ 26%] [32mBuilding CXX object CMakeFiles/team_interfaces__rosidl_typesupport_cpp.dir/rosidl_typesupport_cpp/team_interfaces/msg/lane__type_support.cpp.o[0m
[ 28%] [32mBuilding CXX object CMakeFiles/team_interfaces__rosidl_typesupport_introspection_cpp.dir/rosidl_typesupport_introspection_cpp/team_interfaces/msg/detail/lane__type_support.cpp.o[0m
[ 31%] [32mBuilding CXX object CMakeFiles/team_interfaces__rosidl_typesupport_fastrtps_c.dir/rosidl_typesupport_fastrtps_c/team_interfaces/msg/detail/lane__type_support_c.cpp.o[0m
[ 31%] [32mBuilding CXX object CMakeFiles/team_interfaces__rosidl_typesupport_cpp.dir/rosidl_typesupport_cpp/team_interfaces/msg/signs__type_support.cpp.o[0m
[ 33%] [32mBuilding CXX object CMakeFiles/team_interfaces__rosidl_typesupport_fastrtps_cpp.dir/rosidl_typesupport_fastrtps_cpp/team_interfaces/msg/detail/dds_fastrtps/lane__type_support.cpp.o[0m
[ 34%] [32mBuilding CXX object CMakeFiles/team_interfaces__rosidl_typesupport_cpp.dir/rosidl_typesupport_cpp/team_interfaces/msg/trafficlight__type_support.cpp.o[0m
[ 36%] [32mBuilding CXX object CMakeFiles/team_interfaces__rosidl_typesupport_fastrtps_c.dir/rosidl_typesupport_fastrtps_c/team_interfaces/msg/detail/signs__type_support_c.cpp.o[0m
[ 38%] [32mBuilding CXX object CMakeFiles/team_interfaces__rosidl_typesupport_introspection_cpp.dir/rosidl_typesupport_introspection_cpp/team_interfaces/msg/detail/signs__type_support.cpp.o[0m
[ 39%] [32mBuilding CXX object CMakeFiles/team_interfaces__rosidl_typesupport_fastrtps_cpp.dir/rosidl_typesupport_fastrtps_cpp/team_interfaces/msg/detail/dds_fastrtps/signs__type_support.cpp.o[0m
[ 41%] [32mBuilding CXX object CMakeFiles/team_interfaces__rosidl_typesupport_cpp.dir/rosidl_typesupport_cpp/team_interfaces/msg/emergency__type_support.cpp.o[0m
[ 42%] [32mBuilding CXX object CMakeFiles/team_interfaces__rosidl_typesupport_fastrtps_c.dir/rosidl_typesupport_fastrtps_c/team_interfaces/msg/detail/trafficlight__type_support_c.cpp.o[0m
[ 44%] [32mBuilding CXX object CMakeFiles/team_interfaces__rosidl_typesupport_introspection_cpp.dir/rosidl_typesupport_introspection_cpp/team_interfaces/msg/detail/trafficlight__type_support.cpp.o[0m
[ 46%] [32m[1mLinking CXX shared library libteam_interfaces__rosidl_typesupport_cpp.so[0m
[ 47%] [32mBuilding CXX object CMakeFiles/team_interfaces__rosidl_typesupport_fastrtps_cpp.dir/rosidl_typesupport_fastrtps_cpp/team_interfaces/msg/detail/dds_fastrtps/trafficlight__type_support.cpp.o[0m
[ 47%] Built target team_interfaces__rosidl_typesupport_cpp
[ 49%] [34m[1mGenerating C introspection for ROS interfaces[0m
[ 50%] [32mBuilding CXX object CMakeFiles/team_interfaces__rosidl_typesupport_fastrtps_c.dir/rosidl_typesupport_fastrtps_c/team_interfaces/msg/detail/emergency__type_support_c.cpp.o[0m
[ 52%] [32mBuilding CXX object CMakeFiles/team_interfaces__rosidl_typesupport_introspection_cpp.dir/rosidl_typesupport_introspection_cpp/team_interfaces/msg/detail/emergency__type_support.cpp.o[0m
[ 53%] [32mBuilding CXX object CMakeFiles/team_interfaces__rosidl_typesupport_fastrtps_cpp.dir/rosidl_typesupport_fastrtps_cpp/team_interfaces/msg/detail/dds_fastrtps/emergency__type_support.cpp.o[0m
[ 55%] [32mBuilding C object CMakeFiles/team_interfaces__rosidl_typesupport_introspection_c.dir/rosidl_typesupport_introspection_c/team_interfaces/msg/detail/car__type_support.c.o[0m
[ 57%] [32m[1mLinking CXX shared library libteam_interfaces__rosidl_typesupport_fastrtps_c.so[0m
[ 58%] [32mBuilding C object CMakeFiles/team_interfaces__rosidl_typesupport_introspection_c.dir/rosidl_typesupport_introspection_c/team_interfaces/msg/detail/lane__type_support.c.o[0m
[ 60%] [32mBuilding C object CMakeFiles/team_interfaces__rosidl_typesupport_introspection_c.dir/rosidl_typesupport_introspection_c/team_interfaces/msg/detail/signs__type_support.c.o[0m
[ 61%] [32m[1mLinking CXX shared library libteam_interfaces__rosidl_typesupport_introspection_cpp.so[0m
[ 61%] Built target team_interfaces__rosidl_typesupport_fastrtps_c
[ 63%] [34m[1mGenerating C type support dispatch for ROS interfaces[0m
[ 65%] [32mBuilding C object CMakeFiles/team_interfaces__rosidl_typesupport_introspection_c.dir/rosidl_typesupport_introspection_c/team_interfaces/msg/detail/trafficlight__type_support.c.o[0m
[ 66%] [32mBuilding C object CMakeFiles/team_interfaces__rosidl_typesupport_introspection_c.dir/rosidl_typesupport_introspection_c/team_interfaces/msg/detail/emergency__type_support.c.o[0m
[ 68%] [32m[1mLinking CXX shared library libteam_interfaces__rosidl_typesupport_fastrtps_cpp.so[0m
[ 68%] Built target team_interfaces__rosidl_typesupport_introspection_cpp
[ 69%] [32m[1mLinking C shared library libteam_interfaces__rosidl_typesupport_introspection_c.so[0m
[ 69%] Built target team_interfaces__rosidl_typesupport_introspection_c
[ 69%] Built target team_interfaces__rosidl_typesupport_fastrtps_cpp
[ 73%] [32mBuilding CXX object CMakeFiles/team_interfaces__rosidl_typesupport_c.dir/rosidl_typesupport_c/team_interfaces/msg/car__type_support.cpp.o[0m
[ 73%] [32mBuilding CXX object CMakeFiles/team_interfaces__rosidl_typesupport_c.dir/rosidl_typesupport_c/team_interfaces/msg/lane__type_support.cpp.o[0m
[ 74%] [32mBuilding CXX object CMakeFiles/team_interfaces__rosidl_typesupport_c.dir/rosidl_typesupport_c/team_interfaces/msg/signs__type_support.cpp.o[0m
[ 76%] [32mBuilding CXX object CMakeFiles/team_interfaces__rosidl_typesupport_c.dir/rosidl_typesupport_c/team_interfaces/msg/trafficlight__type_support.cpp.o[0m
[ 77%] [32mBuilding CXX object CMakeFiles/team_interfaces__rosidl_typesupport_c.dir/rosidl_typesupport_c/team_interfaces/msg/emergency__type_support.cpp.o[0m
[ 79%] [32m[1mLinking CXX shared library libteam_interfaces__rosidl_typesupport_c.so[0m
[ 79%] Built target team_interfaces__rosidl_typesupport_c
[ 79%] Built target team_interfaces
[ 80%] [34m[1mGenerating Python code for ROS interfaces[0m
[ 80%] Built target team_interfaces__py
[ 82%] [32mBuilding C object CMakeFiles/team_interfaces__rosidl_generator_py.dir/rosidl_generator_py/team_interfaces/msg/_lane_s.c.o[0m
[ 84%] [32mBuilding C object CMakeFiles/team_interfaces__rosidl_generator_py.dir/rosidl_generator_py/team_interfaces/msg/_signs_s.c.o[0m
[ 85%] [32mBuilding C object CMakeFiles/team_interfaces__rosidl_generator_py.dir/rosidl_generator_py/team_interfaces/msg/_trafficlight_s.c.o[0m
[ 87%] [32mBuilding C object CMakeFiles/team_interfaces__rosidl_generator_py.dir/rosidl_generator_py/team_interfaces/msg/_car_s.c.o[0m
[ 88%] [32mBuilding C object CMakeFiles/team_interfaces__rosidl_generator_py.dir/rosidl_generator_py/team_interfaces/msg/_emergency_s.c.o[0m
[ 90%] [32m[1mLinking C shared library rosidl_generator_py/team_interfaces/libteam_interfaces__rosidl_generator_py.so[0m
[ 90%] Built target team_interfaces__rosidl_generator_py
[ 93%] [32mBuilding C object CMakeFiles/team_interfaces__rosidl_typesupport_introspection_c__pyext.dir/rosidl_generator_py/team_interfaces/_team_interfaces_s.ep.rosidl_typesupport_introspection_c.c.o[0m
[ 93%] [32mBuilding C object CMakeFiles/team_interfaces__rosidl_typesupport_fastrtps_c__pyext.dir/rosidl_generator_py/team_interfaces/_team_interfaces_s.ep.rosidl_typesupport_fastrtps_c.c.o[0m
[ 95%] [32mBuilding C object CMakeFiles/team_interfaces__rosidl_typesupport_c__pyext.dir/rosidl_generator_py/team_interfaces/_team_interfaces_s.ep.rosidl_typesupport_c.c.o[0m
[100%] [32m[1mLinking C shared library rosidl_generator_py/team_interfaces/team_interfaces_s__rosidl_typesupport_c.cpython-310-x86_64-linux-gnu.so[0m
[100%] [32m[1mLinking C shared library rosidl_generator_py/team_interfaces/team_interfaces_s__rosidl_typesupport_fastrtps_c.cpython-310-x86_64-linux-gnu.so[0m
[100%] [32m[1mLinking C shared library rosidl_generator_py/team_interfaces/team_interfaces_s__rosidl_typesupport_introspection_c.cpython-310-x86_64-linux-gnu.so[0m
[100%] Built target team_interfaces__rosidl_typesupport_introspection_c__pyext
[100%] Built target team_interfaces__rosidl_typesupport_fastrtps_c__pyext
[100%] Built target team_interfaces__rosidl_typesupport_c__pyext
