[1.581s] Invoking command in '/home/samet/hallo/src/camera_run': PYTHONPATH=/home/samet/hallo/build/camera_run/prefix_override:/home/samet/hallo/install/camera_run/lib/python3.10/site-packages:${PYTHONPATH} /usr/bin/python3 setup.py egg_info --egg-base ../../build/camera_run build --build-base /home/samet/hallo/build/camera_run/build install --record /home/samet/hallo/build/camera_run/install.log --single-version-externally-managed
[1.855s] running egg_info
[1.855s] creating ../../build/camera_run/camera_run.egg-info
[1.855s] writing ../../build/camera_run/camera_run.egg-info/PKG-INFO
[1.856s] writing dependency_links to ../../build/camera_run/camera_run.egg-info/dependency_links.txt
[1.856s] writing entry points to ../../build/camera_run/camera_run.egg-info/entry_points.txt
[1.856s] writing requirements to ../../build/camera_run/camera_run.egg-info/requires.txt
[1.856s] writing top-level names to ../../build/camera_run/camera_run.egg-info/top_level.txt
[1.856s] writing manifest file '../../build/camera_run/camera_run.egg-info/SOURCES.txt'
[1.858s] reading manifest file '../../build/camera_run/camera_run.egg-info/SOURCES.txt'
[1.858s] writing manifest file '../../build/camera_run/camera_run.egg-info/SOURCES.txt'
[1.858s] running build
[1.859s] running build_py
[1.859s] creating /home/samet/hallo/build/camera_run/build
[1.859s] creating /home/samet/hallo/build/camera_run/build/lib
[1.859s] creating /home/samet/hallo/build/camera_run/build/lib/camera_run
[1.859s] copying camera_run/intel_pub.py -> /home/samet/hallo/build/camera_run/build/lib/camera_run
[1.859s] copying camera_run/intel_sub.py -> /home/samet/hallo/build/camera_run/build/lib/camera_run
[1.859s] copying camera_run/__init__.py -> /home/samet/hallo/build/camera_run/build/lib/camera_run
[1.860s] running install
[1.920s] /usr/lib/python3/dist-packages/setuptools/command/install.py:34: SetuptoolsDeprecationWarning: setup.py install is deprecated. Use build and pip and other standards-based tools.
[1.920s]   warnings.warn(
[1.921s] running install_lib
[1.923s] creating /home/samet/hallo/install/camera_run/lib/python3.10/site-packages/camera_run
[1.924s] copying /home/samet/hallo/build/camera_run/build/lib/camera_run/intel_pub.py -> /home/samet/hallo/install/camera_run/lib/python3.10/site-packages/camera_run
[1.925s] copying /home/samet/hallo/build/camera_run/build/lib/camera_run/intel_sub.py -> /home/samet/hallo/install/camera_run/lib/python3.10/site-packages/camera_run
[1.925s] copying /home/samet/hallo/build/camera_run/build/lib/camera_run/__init__.py -> /home/samet/hallo/install/camera_run/lib/python3.10/site-packages/camera_run
[1.926s] byte-compiling /home/samet/hallo/install/camera_run/lib/python3.10/site-packages/camera_run/intel_pub.py to intel_pub.cpython-310.pyc
[1.928s] byte-compiling /home/samet/hallo/install/camera_run/lib/python3.10/site-packages/camera_run/intel_sub.py to intel_sub.cpython-310.pyc
[1.930s] byte-compiling /home/samet/hallo/install/camera_run/lib/python3.10/site-packages/camera_run/__init__.py to __init__.cpython-310.pyc
[1.930s] running install_data
[1.932s] creating /home/samet/hallo/install/camera_run/share/ament_index
[1.933s] creating /home/samet/hallo/install/camera_run/share/ament_index/resource_index
[1.933s] creating /home/samet/hallo/install/camera_run/share/ament_index/resource_index/packages
[1.934s] copying resource/camera_run -> /home/samet/hallo/install/camera_run/share/ament_index/resource_index/packages
[1.934s] copying package.xml -> /home/samet/hallo/install/camera_run/share/camera_run
[1.935s] running install_egg_info
[1.940s] Copying ../../build/camera_run/camera_run.egg-info to /home/samet/hallo/install/camera_run/lib/python3.10/site-packages/camera_run-0.0.0-py3.10.egg-info
[1.943s] running install_scripts
[1.976s] Installing intel_pub script to /home/samet/hallo/install/camera_run/lib/camera_run
[1.976s] Installing intel_sub script to /home/samet/hallo/install/camera_run/lib/camera_run
[1.976s] writing list of installed files to '/home/samet/hallo/build/camera_run/install.log'
[2.003s] Invoked command in '/home/samet/hallo/src/camera_run' returned '0': PYTHONPATH=/home/samet/hallo/build/camera_run/prefix_override:/home/samet/hallo/install/camera_run/lib/python3.10/site-packages:${PYTHONPATH} /usr/bin/python3 setup.py egg_info --egg-base ../../build/camera_run build --build-base /home/samet/hallo/build/camera_run/build install --record /home/samet/hallo/build/camera_run/install.log --single-version-externally-managed
