[0.141s] Invoking command in '/home/samet/hallo/build/io_context': CMAKE_PREFIX_PATH=/home/samet/hallo/install/asio_cmake_module:/home/samet/hallo/install/vesc:/home/samet/hallo/install/vesc_driver:/home/samet/hallo/install/vesc_ackermann:/home/samet/hallo/install/vesc_msgs:/home/samet/hallo/install/udp_driver:/home/samet/hallo/install/team_interfaces:/home/samet/hallo/install/serial_driver:/home/samet/hallo/install/io_context:/opt/ros/humble:/home/samet/hallo/install/camera_run /usr/bin/cmake /home/samet/hallo/src/transport_drivers/io_context -DCMAKE_INSTALL_PREFIX=/home/samet/hallo/install/io_context
[0.285s] -- The C compiler identification is GNU 11.4.0
[0.465s] -- The CXX compiler identification is GNU 11.4.0
[0.482s] -- Detecting C compiler ABI info
[0.775s] -- Detecting C compiler ABI info - done
[0.799s] -- Check for working C compiler: /usr/bin/cc - skipped
[0.799s] -- Detecting C compile features
[0.801s] -- Detecting C compile features - done
[0.805s] -- Detecting CXX compiler ABI info
[1.170s] -- Detecting CXX compiler ABI info - done
[1.173s] -- Check for working CXX compiler: /usr/bin/c++ - skipped
[1.178s] -- Detecting CXX compile features
[1.178s] -- Detecting CXX compile features - done
[1.198s] -- Found ament_cmake_auto: 1.3.7 (/opt/ros/humble/share/ament_cmake_auto/cmake)
[1.803s] -- Found Python3: /usr/bin/python3.10 (found version "3.10.12") found components: Interpreter 
[2.309s] -- Found rosidl_generator_c: 3.1.5 (/opt/ros/humble/share/rosidl_generator_c/cmake)
[2.316s] -- Found rosidl_adapter: 3.1.5 (/opt/ros/humble/share/rosidl_adapter/cmake)
[2.332s] -- Found rosidl_generator_cpp: 3.1.5 (/opt/ros/humble/share/rosidl_generator_cpp/cmake)
[2.358s] -- Using all available rosidl_typesupport_c: rosidl_typesupport_fastrtps_c;rosidl_typesupport_introspection_c
[2.418s] -- Using all available rosidl_typesupport_cpp: rosidl_typesupport_fastrtps_cpp;rosidl_typesupport_introspection_cpp
[2.601s] -- Found rmw_implementation_cmake: 6.1.1 (/opt/ros/humble/share/rmw_implementation_cmake/cmake)
[2.606s] -- Found rmw_fastrtps_cpp: 6.2.6 (/opt/ros/humble/share/rmw_fastrtps_cpp/cmake)
[3.030s] -- Found OpenSSL: /usr/lib/x86_64-linux-gnu/libcrypto.so (found version "3.0.2")  
[3.179s] -- Found FastRTPS: /opt/ros/humble/include  
[3.354s] -- Using RMW implementation 'rmw_fastrtps_cpp' as default
[3.378s] -- Looking for pthread.h
[3.590s] -- Looking for pthread.h - found
[3.590s] -- Performing Test CMAKE_HAVE_LIBC_PTHREAD
[4.054s] -- Performing Test CMAKE_HAVE_LIBC_PTHREAD - Success
[4.054s] -- Found Threads: TRUE  
[4.834s] [31mCMake Error at /usr/share/cmake-3.22/Modules/FindPackageHandleStandardArgs.cmake:230 (message):
[4.834s]   Could NOT find ASIO (missing: ASIO_INCLUDE_DIRS)
[4.834s] Call Stack (most recent call first):
[4.834s]   /usr/share/cmake-3.22/Modules/FindPackageHandleStandardArgs.cmake:594 (_FPHSA_FAILURE_MESSAGE)
[4.834s]   /home/samet/hallo/install/asio_cmake_module/share/asio_cmake_module/cmake/Modules/FindASIO.cmake:19 (find_package_handle_standard_args)
[4.834s]   CMakeLists.txt:34 (find_package)
[4.835s] 
[4.837s] [0m
[4.841s] -- Configuring incomplete, errors occurred!
[4.842s] See also "/home/samet/hallo/build/io_context/CMakeFiles/CMakeOutput.log".
[4.895s] Invoked command in '/home/samet/hallo/build/io_context' returned '1': CMAKE_PREFIX_PATH=/home/samet/hallo/install/asio_cmake_module:/home/samet/hallo/install/vesc:/home/samet/hallo/install/vesc_driver:/home/samet/hallo/install/vesc_ackermann:/home/samet/hallo/install/vesc_msgs:/home/samet/hallo/install/udp_driver:/home/samet/hallo/install/team_interfaces:/home/samet/hallo/install/serial_driver:/home/samet/hallo/install/io_context:/opt/ros/humble:/home/samet/hallo/install/camera_run /usr/bin/cmake /home/samet/hallo/src/transport_drivers/io_context -DCMAKE_INSTALL_PREFIX=/home/samet/hallo/install/io_context
