[1.838s] DEBUG:colcon:Command line arguments: ['/usr/bin/colcon', 'list', '-p', '--base-paths', '/home/samet/hallo']
[1.838s] DEBUG:colcon:Parsed command line arguments: Namespace(log_base=None, log_level=None, verb_name='list', build_base='build', ignore_user_meta=False, metas=['./colcon.meta'], base_paths=['/home/samet/hallo'], packages_ignore=None, packages_ignore_regex=None, paths=None, packages_up_to=None, packages_up_to_regex=None, packages_above=None, packages_above_and_dependencies=None, packages_above_depth=None, packages_select_by_dep=None, packages_skip_by_dep=None, packages_skip_up_to=None, packages_select_build_failed=False, packages_skip_build_finished=False, packages_select_test_failures=False, packages_skip_test_passed=False, packages_select=None, packages_skip=None, packages_select_regex=None, packages_skip_regex=None, packages_start=None, packages_end=None, allow_overriding=[], topological_order=False, names_only=False, paths_only=True, topological_graph=False, topological_graph_dot=False, topological_graph_density=False, topological_graph_legend=False, topological_graph_dot_cluster=False, topological_graph_dot_include_skipped=False, verb_parser=<colcon_defaults.argument_parser.defaults.DefaultArgumentsDecorator object at 0x7fa9b6063550>, verb_extension=<colcon_package_information.verb.list.ListVerb object at 0x7fa9b607c8e0>, main=<bound method ListVerb.main of <colcon_package_information.verb.list.ListVerb object at 0x7fa9b607c8e0>>)
[1.916s] Level 1:colcon.colcon_core.package_discovery:discover_packages(colcon_meta) check parameters
[1.916s] Level 1:colcon.colcon_core.package_discovery:discover_packages(recursive) check parameters
[1.916s] Level 1:colcon.colcon_core.package_discovery:discover_packages(ignore) check parameters
[1.916s] Level 1:colcon.colcon_core.package_discovery:discover_packages(path) check parameters
[1.916s] Level 1:colcon.colcon_core.package_discovery:discover_packages(recursive) discover
[1.916s] INFO:colcon.colcon_core.package_discovery:Crawling recursively for packages in '/home/samet/hallo'
[1.917s] Level 1:colcon.colcon_core.package_identification:_identify(/home/samet/hallo) by extensions ['ignore', 'ignore_ament_install']
[1.917s] Level 1:colcon.colcon_core.package_identification:_identify(/home/samet/hallo) by extension 'ignore'
[1.917s] Level 1:colcon.colcon_core.package_identification:_identify(/home/samet/hallo) by extension 'ignore_ament_install'
[1.917s] Level 1:colcon.colcon_core.package_identification:_identify(/home/samet/hallo) by extensions ['colcon_pkg']
[1.917s] Level 1:colcon.colcon_core.package_identification:_identify(/home/samet/hallo) by extension 'colcon_pkg'
[1.917s] Level 1:colcon.colcon_core.package_identification:_identify(/home/samet/hallo) by extensions ['colcon_meta']
[1.917s] Level 1:colcon.colcon_core.package_identification:_identify(/home/samet/hallo) by extension 'colcon_meta'
[1.917s] Level 1:colcon.colcon_core.package_identification:_identify(/home/samet/hallo) by extensions ['ros']
[1.917s] Level 1:colcon.colcon_core.package_identification:_identify(/home/samet/hallo) by extension 'ros'
[1.930s] Level 1:colcon.colcon_core.package_identification:_identify(/home/samet/hallo) by extensions ['cmake', 'python']
[1.930s] Level 1:colcon.colcon_core.package_identification:_identify(/home/samet/hallo) by extension 'cmake'
[1.931s] Level 1:colcon.colcon_core.package_identification:_identify(/home/samet/hallo) by extension 'python'
[1.931s] Level 1:colcon.colcon_core.package_identification:_identify(/home/samet/hallo) by extensions ['python_setup_py']
[1.931s] Level 1:colcon.colcon_core.package_identification:_identify(/home/samet/hallo) by extension 'python_setup_py'
[1.931s] Level 1:colcon.colcon_core.package_identification:_identify(/home/samet/hallo/build) by extensions ['ignore', 'ignore_ament_install']
[1.931s] Level 1:colcon.colcon_core.package_identification:_identify(/home/samet/hallo/build) by extension 'ignore'
[1.931s] Level 1:colcon.colcon_core.package_identification:_identify(/home/samet/hallo/build) ignored
[1.931s] Level 1:colcon.colcon_core.package_identification:_identify(/home/samet/hallo/install) by extensions ['ignore', 'ignore_ament_install']
[1.931s] Level 1:colcon.colcon_core.package_identification:_identify(/home/samet/hallo/install) by extension 'ignore'
[1.931s] Level 1:colcon.colcon_core.package_identification:_identify(/home/samet/hallo/install) ignored
[1.931s] Level 1:colcon.colcon_core.package_identification:_identify(/home/samet/hallo/log) by extensions ['ignore', 'ignore_ament_install']
[1.931s] Level 1:colcon.colcon_core.package_identification:_identify(/home/samet/hallo/log) by extension 'ignore'
[1.932s] Level 1:colcon.colcon_core.package_identification:_identify(/home/samet/hallo/log) ignored
[1.932s] Level 1:colcon.colcon_core.package_identification:_identify(/home/samet/hallo/src) by extensions ['ignore', 'ignore_ament_install']
[1.932s] Level 1:colcon.colcon_core.package_identification:_identify(/home/samet/hallo/src) by extension 'ignore'
[1.932s] Level 1:colcon.colcon_core.package_identification:_identify(/home/samet/hallo/src) by extension 'ignore_ament_install'
[1.932s] Level 1:colcon.colcon_core.package_identification:_identify(/home/samet/hallo/src) by extensions ['colcon_pkg']
[1.932s] Level 1:colcon.colcon_core.package_identification:_identify(/home/samet/hallo/src) by extension 'colcon_pkg'
[1.932s] Level 1:colcon.colcon_core.package_identification:_identify(/home/samet/hallo/src) by extensions ['colcon_meta']
[1.932s] Level 1:colcon.colcon_core.package_identification:_identify(/home/samet/hallo/src) by extension 'colcon_meta'
[1.932s] Level 1:colcon.colcon_core.package_identification:_identify(/home/samet/hallo/src) by extensions ['ros']
[1.932s] Level 1:colcon.colcon_core.package_identification:_identify(/home/samet/hallo/src) by extension 'ros'
[1.932s] Level 1:colcon.colcon_core.package_identification:_identify(/home/samet/hallo/src) by extensions ['cmake', 'python']
[1.932s] Level 1:colcon.colcon_core.package_identification:_identify(/home/samet/hallo/src) by extension 'cmake'
[1.932s] Level 1:colcon.colcon_core.package_identification:_identify(/home/samet/hallo/src) by extension 'python'
[1.932s] Level 1:colcon.colcon_core.package_identification:_identify(/home/samet/hallo/src) by extensions ['python_setup_py']
[1.932s] Level 1:colcon.colcon_core.package_identification:_identify(/home/samet/hallo/src) by extension 'python_setup_py'
[1.933s] Level 1:colcon.colcon_core.package_identification:_identify(/home/samet/hallo/src/camera_run) by extensions ['ignore', 'ignore_ament_install']
[1.933s] Level 1:colcon.colcon_core.package_identification:_identify(/home/samet/hallo/src/camera_run) by extension 'ignore'
[1.933s] Level 1:colcon.colcon_core.package_identification:_identify(/home/samet/hallo/src/camera_run) by extension 'ignore_ament_install'
[1.933s] Level 1:colcon.colcon_core.package_identification:_identify(/home/samet/hallo/src/camera_run) by extensions ['colcon_pkg']
[1.933s] Level 1:colcon.colcon_core.package_identification:_identify(/home/samet/hallo/src/camera_run) by extension 'colcon_pkg'
[1.933s] Level 1:colcon.colcon_core.package_identification:_identify(/home/samet/hallo/src/camera_run) by extensions ['colcon_meta']
[1.933s] Level 1:colcon.colcon_core.package_identification:_identify(/home/samet/hallo/src/camera_run) by extension 'colcon_meta'
[1.933s] Level 1:colcon.colcon_core.package_identification:_identify(/home/samet/hallo/src/camera_run) by extensions ['ros']
[1.933s] Level 1:colcon.colcon_core.package_identification:_identify(/home/samet/hallo/src/camera_run) by extension 'ros'
[1.936s] DEBUG:colcon.colcon_core.package_identification:Package '/home/samet/hallo/src/camera_run' with type 'ros.ament_python' and name 'camera_run'
[1.936s] Level 1:colcon.colcon_core.package_discovery:discover_packages(recursive) using defaults
