/home/samet/hallo/install/camera_run/lib/python3.10/site-packages/camera_run/intel_pub.py
/home/samet/hallo/install/camera_run/lib/python3.10/site-packages/camera_run/teleop.py
/home/samet/hallo/install/camera_run/lib/python3.10/site-packages/camera_run/slope_node.py
/home/samet/hallo/install/camera_run/lib/python3.10/site-packages/camera_run/lane_recognition.py
/home/samet/hallo/install/camera_run/lib/python3.10/site-packages/camera_run/intel_sub.py
/home/samet/hallo/install/camera_run/lib/python3.10/site-packages/camera_run/intel_lane.py
/home/samet/hallo/install/camera_run/lib/python3.10/site-packages/camera_run/steering.py
/home/samet/hallo/install/camera_run/lib/python3.10/site-packages/camera_run/lane_follower.py
/home/samet/hallo/install/camera_run/lib/python3.10/site-packages/camera_run/bot.py
/home/samet/hallo/install/camera_run/lib/python3.10/site-packages/camera_run/__init__.py
/home/samet/hallo/install/camera_run/lib/python3.10/site-packages/camera_run/LaneDetection_realsense.py
/home/samet/hallo/install/camera_run/lib/python3.10/site-packages/camera_run/ackermann_to_vesc.py
/home/samet/hallo/install/camera_run/lib/python3.10/site-packages/camera_run/intel_lane_sub.py
/home/samet/hallo/install/camera_run/lib/python3.10/site-packages/camera_run/slope_sub.py
/home/samet/hallo/install/camera_run/lib/python3.10/site-packages/camera_run/__pycache__/intel_pub.cpython-310.pyc
/home/samet/hallo/install/camera_run/lib/python3.10/site-packages/camera_run/__pycache__/teleop.cpython-310.pyc
/home/samet/hallo/install/camera_run/lib/python3.10/site-packages/camera_run/__pycache__/slope_node.cpython-310.pyc
/home/samet/hallo/install/camera_run/lib/python3.10/site-packages/camera_run/__pycache__/lane_recognition.cpython-310.pyc
/home/samet/hallo/install/camera_run/lib/python3.10/site-packages/camera_run/__pycache__/intel_sub.cpython-310.pyc
/home/samet/hallo/install/camera_run/lib/python3.10/site-packages/camera_run/__pycache__/intel_lane.cpython-310.pyc
/home/samet/hallo/install/camera_run/lib/python3.10/site-packages/camera_run/__pycache__/steering.cpython-310.pyc
/home/samet/hallo/install/camera_run/lib/python3.10/site-packages/camera_run/__pycache__/lane_follower.cpython-310.pyc
/home/samet/hallo/install/camera_run/lib/python3.10/site-packages/camera_run/__pycache__/bot.cpython-310.pyc
/home/samet/hallo/install/camera_run/lib/python3.10/site-packages/camera_run/__pycache__/__init__.cpython-310.pyc
/home/samet/hallo/install/camera_run/lib/python3.10/site-packages/camera_run/__pycache__/LaneDetection_realsense.cpython-310.pyc
/home/samet/hallo/install/camera_run/lib/python3.10/site-packages/camera_run/__pycache__/ackermann_to_vesc.cpython-310.pyc
/home/samet/hallo/install/camera_run/lib/python3.10/site-packages/camera_run/__pycache__/intel_lane_sub.cpython-310.pyc
/home/samet/hallo/install/camera_run/lib/python3.10/site-packages/camera_run/__pycache__/slope_sub.cpython-310.pyc
/home/samet/hallo/install/camera_run/share/ament_index/resource_index/packages/camera_run
/home/samet/hallo/install/camera_run/share/camera_run/package.xml
/home/samet/hallo/install/camera_run/lib/python3.10/site-packages/camera_run-0.0.0-py3.10.egg-info/SOURCES.txt
/home/samet/hallo/install/camera_run/lib/python3.10/site-packages/camera_run-0.0.0-py3.10.egg-info/dependency_links.txt
/home/samet/hallo/install/camera_run/lib/python3.10/site-packages/camera_run-0.0.0-py3.10.egg-info/PKG-INFO
/home/samet/hallo/install/camera_run/lib/python3.10/site-packages/camera_run-0.0.0-py3.10.egg-info/top_level.txt
/home/samet/hallo/install/camera_run/lib/python3.10/site-packages/camera_run-0.0.0-py3.10.egg-info/requires.txt
/home/samet/hallo/install/camera_run/lib/python3.10/site-packages/camera_run-0.0.0-py3.10.egg-info/entry_points.txt
/home/samet/hallo/install/camera_run/lib/python3.10/site-packages/camera_run-0.0.0-py3.10.egg-info/zip-safe
/home/samet/hallo/install/camera_run/lib/camera_run/ackermann_to_vesc
/home/samet/hallo/install/camera_run/lib/camera_run/bot
/home/samet/hallo/install/camera_run/lib/camera_run/detection
/home/samet/hallo/install/camera_run/lib/camera_run/detection_node
/home/samet/hallo/install/camera_run/lib/camera_run/follower
/home/samet/hallo/install/camera_run/lib/camera_run/intel_lane
/home/samet/hallo/install/camera_run/lib/camera_run/intel_lane_sub
/home/samet/hallo/install/camera_run/lib/camera_run/intel_pub
/home/samet/hallo/install/camera_run/lib/camera_run/intel_sub
/home/samet/hallo/install/camera_run/lib/camera_run/slope_node
/home/samet/hallo/install/camera_run/lib/camera_run/slope_sub
/home/samet/hallo/install/camera_run/lib/camera_run/steering
/home/samet/hallo/install/camera_run/lib/camera_run/tele
