[2.666s] DEBUG:colcon:Command line arguments: ['/usr/bin/colcon', 'build']
[2.666s] DEBUG:colcon:Parsed command line arguments: Namespace(log_base=None, log_level=None, verb_name='build', build_base='build', install_base='install', merge_install=False, symlink_install=False, test_result_base=None, continue_on_error=False, executor='parallel', parallel_workers=4, event_handlers=None, ignore_user_meta=False, metas=['./colcon.meta'], base_paths=['.'], packages_ignore=None, packages_ignore_regex=None, paths=None, packages_up_to=None, packages_up_to_regex=None, packages_above=None, packages_above_and_dependencies=None, packages_above_depth=None, packages_select_by_dep=None, packages_skip_by_dep=None, packages_skip_up_to=None, packages_select_build_failed=False, packages_skip_build_finished=False, packages_select_test_failures=False, packages_skip_test_passed=False, packages_select=None, packages_skip=None, packages_select_regex=None, packages_skip_regex=None, packages_start=None, packages_end=None, allow_overriding=[], cmake_args=None, cmake_target=None, cmake_target_skip_unavailable=False, cmake_clean_cache=False, cmake_clean_first=False, cmake_force_configure=False, ament_cmake_args=None, catkin_cmake_args=None, catkin_skip_building_tests=False, verb_parser=<colcon_defaults.argument_parser.defaults.DefaultArgumentsDecorator object at 0x7f2ddca882e0>, verb_extension=<colcon_core.verb.build.BuildVerb object at 0x7f2ddd8a3460>, main=<bound method BuildVerb.main of <colcon_core.verb.build.BuildVerb object at 0x7f2ddd8a3460>>)
[2.752s] Level 1:colcon.colcon_core.package_discovery:discover_packages(colcon_meta) check parameters
[2.752s] Level 1:colcon.colcon_core.package_discovery:discover_packages(recursive) check parameters
[2.752s] Level 1:colcon.colcon_core.package_discovery:discover_packages(ignore) check parameters
[2.752s] Level 1:colcon.colcon_core.package_discovery:discover_packages(path) check parameters
[2.752s] Level 1:colcon.colcon_core.package_discovery:discover_packages(colcon_meta) discover
[2.752s] Level 1:colcon.colcon_core.package_discovery:discover_packages(recursive) discover
[2.752s] INFO:colcon.colcon_core.package_discovery:Crawling recursively for packages in '/home/samet/hallo'
[2.753s] Level 1:colcon.colcon_core.package_identification:_identify(.) by extensions ['ignore', 'ignore_ament_install']
[2.753s] Level 1:colcon.colcon_core.package_identification:_identify(.) by extension 'ignore'
[2.753s] Level 1:colcon.colcon_core.package_identification:_identify(.) by extension 'ignore_ament_install'
[2.753s] Level 1:colcon.colcon_core.package_identification:_identify(.) by extensions ['colcon_pkg']
[2.754s] Level 1:colcon.colcon_core.package_identification:_identify(.) by extension 'colcon_pkg'
[2.754s] Level 1:colcon.colcon_core.package_identification:_identify(.) by extensions ['colcon_meta']
[2.754s] Level 1:colcon.colcon_core.package_identification:_identify(.) by extension 'colcon_meta'
[2.754s] Level 1:colcon.colcon_core.package_identification:_identify(.) by extensions ['ros']
[2.754s] Level 1:colcon.colcon_core.package_identification:_identify(.) by extension 'ros'
[2.772s] Level 1:colcon.colcon_core.package_identification:_identify(.) by extensions ['cmake', 'python']
[2.772s] Level 1:colcon.colcon_core.package_identification:_identify(.) by extension 'cmake'
[2.772s] Level 1:colcon.colcon_core.package_identification:_identify(.) by extension 'python'
[2.772s] Level 1:colcon.colcon_core.package_identification:_identify(.) by extensions ['python_setup_py']
[2.772s] Level 1:colcon.colcon_core.package_identification:_identify(.) by extension 'python_setup_py'
[2.773s] Level 1:colcon.colcon_core.package_identification:_identify(build) by extensions ['ignore', 'ignore_ament_install']
[2.773s] Level 1:colcon.colcon_core.package_identification:_identify(build) by extension 'ignore'
[2.773s] Level 1:colcon.colcon_core.package_identification:_identify(build) ignored
[2.773s] Level 1:colcon.colcon_core.package_identification:_identify(install) by extensions ['ignore', 'ignore_ament_install']
[2.773s] Level 1:colcon.colcon_core.package_identification:_identify(install) by extension 'ignore'
[2.773s] Level 1:colcon.colcon_core.package_identification:_identify(install) ignored
[2.774s] Level 1:colcon.colcon_core.package_identification:_identify(log) by extensions ['ignore', 'ignore_ament_install']
[2.774s] Level 1:colcon.colcon_core.package_identification:_identify(log) by extension 'ignore'
[2.774s] Level 1:colcon.colcon_core.package_identification:_identify(log) ignored
[2.774s] Level 1:colcon.colcon_core.package_identification:_identify(src) by extensions ['ignore', 'ignore_ament_install']
[2.774s] Level 1:colcon.colcon_core.package_identification:_identify(src) by extension 'ignore'
[2.774s] Level 1:colcon.colcon_core.package_identification:_identify(src) by extension 'ignore_ament_install'
[2.774s] Level 1:colcon.colcon_core.package_identification:_identify(src) by extensions ['colcon_pkg']
[2.774s] Level 1:colcon.colcon_core.package_identification:_identify(src) by extension 'colcon_pkg'
[2.775s] Level 1:colcon.colcon_core.package_identification:_identify(src) by extensions ['colcon_meta']
[2.775s] Level 1:colcon.colcon_core.package_identification:_identify(src) by extension 'colcon_meta'
[2.775s] Level 1:colcon.colcon_core.package_identification:_identify(src) by extensions ['ros']
[2.775s] Level 1:colcon.colcon_core.package_identification:_identify(src) by extension 'ros'
[2.775s] Level 1:colcon.colcon_core.package_identification:_identify(src) by extensions ['cmake', 'python']
[2.775s] Level 1:colcon.colcon_core.package_identification:_identify(src) by extension 'cmake'
[2.775s] Level 1:colcon.colcon_core.package_identification:_identify(src) by extension 'python'
[2.775s] Level 1:colcon.colcon_core.package_identification:_identify(src) by extensions ['python_setup_py']
[2.775s] Level 1:colcon.colcon_core.package_identification:_identify(src) by extension 'python_setup_py'
[2.775s] Level 1:colcon.colcon_core.package_identification:_identify(src/camera_run) by extensions ['ignore', 'ignore_ament_install']
[2.776s] Level 1:colcon.colcon_core.package_identification:_identify(src/camera_run) by extension 'ignore'
[2.776s] Level 1:colcon.colcon_core.package_identification:_identify(src/camera_run) by extension 'ignore_ament_install'
[2.776s] Level 1:colcon.colcon_core.package_identification:_identify(src/camera_run) by extensions ['colcon_pkg']
[2.776s] Level 1:colcon.colcon_core.package_identification:_identify(src/camera_run) by extension 'colcon_pkg'
[2.776s] Level 1:colcon.colcon_core.package_identification:_identify(src/camera_run) by extensions ['colcon_meta']
[2.776s] Level 1:colcon.colcon_core.package_identification:_identify(src/camera_run) by extension 'colcon_meta'
[2.776s] Level 1:colcon.colcon_core.package_identification:_identify(src/camera_run) by extensions ['ros']
[2.776s] Level 1:colcon.colcon_core.package_identification:_identify(src/camera_run) by extension 'ros'
[2.780s] DEBUG:colcon.colcon_core.package_identification:Package 'src/camera_run' with type 'ros.ament_python' and name 'camera_run'
[2.780s] Level 1:colcon.colcon_core.package_identification:_identify(src/pyrealsense2) by extensions ['ignore', 'ignore_ament_install']
[2.780s] Level 1:colcon.colcon_core.package_identification:_identify(src/pyrealsense2) by extension 'ignore'
[2.780s] Level 1:colcon.colcon_core.package_identification:_identify(src/pyrealsense2) by extension 'ignore_ament_install'
[2.780s] Level 1:colcon.colcon_core.package_identification:_identify(src/pyrealsense2) by extensions ['colcon_pkg']
[2.780s] Level 1:colcon.colcon_core.package_identification:_identify(src/pyrealsense2) by extension 'colcon_pkg'
[2.780s] Level 1:colcon.colcon_core.package_identification:_identify(src/pyrealsense2) by extensions ['colcon_meta']
[2.780s] Level 1:colcon.colcon_core.package_identification:_identify(src/pyrealsense2) by extension 'colcon_meta'
[2.781s] Level 1:colcon.colcon_core.package_identification:_identify(src/pyrealsense2) by extensions ['ros']
[2.781s] Level 1:colcon.colcon_core.package_identification:_identify(src/pyrealsense2) by extension 'ros'
[2.781s] Level 1:colcon.colcon_core.package_identification:_identify(src/pyrealsense2) by extensions ['cmake', 'python']
[2.781s] Level 1:colcon.colcon_core.package_identification:_identify(src/pyrealsense2) by extension 'cmake'
[2.781s] Level 1:colcon.colcon_core.package_identification:_identify(src/pyrealsense2) by extension 'python'
[2.781s] Level 1:colcon.colcon_core.package_identification:_identify(src/pyrealsense2) by extensions ['python_setup_py']
[2.781s] Level 1:colcon.colcon_core.package_identification:_identify(src/pyrealsense2) by extension 'python_setup_py'
[2.781s] Level 1:colcon.colcon_core.package_identification:_identify(src/team_interfaces) by extensions ['ignore', 'ignore_ament_install']
[2.781s] Level 1:colcon.colcon_core.package_identification:_identify(src/team_interfaces) by extension 'ignore'
[2.782s] Level 1:colcon.colcon_core.package_identification:_identify(src/team_interfaces) by extension 'ignore_ament_install'
[2.782s] Level 1:colcon.colcon_core.package_identification:_identify(src/team_interfaces) by extensions ['colcon_pkg']
[2.782s] Level 1:colcon.colcon_core.package_identification:_identify(src/team_interfaces) by extension 'colcon_pkg'
[2.782s] Level 1:colcon.colcon_core.package_identification:_identify(src/team_interfaces) by extensions ['colcon_meta']
[2.782s] Level 1:colcon.colcon_core.package_identification:_identify(src/team_interfaces) by extension 'colcon_meta'
[2.782s] Level 1:colcon.colcon_core.package_identification:_identify(src/team_interfaces) by extensions ['ros']
[2.782s] Level 1:colcon.colcon_core.package_identification:_identify(src/team_interfaces) by extension 'ros'
[2.783s] DEBUG:colcon.colcon_core.package_identification:Package 'src/team_interfaces' with type 'ros.ament_cmake' and name 'team_interfaces'
[2.783s] Level 1:colcon.colcon_core.package_identification:_identify(src/transport_drivers) by extensions ['ignore', 'ignore_ament_install']
[2.783s] Level 1:colcon.colcon_core.package_identification:_identify(src/transport_drivers) by extension 'ignore'
[2.783s] Level 1:colcon.colcon_core.package_identification:_identify(src/transport_drivers) by extension 'ignore_ament_install'
[2.783s] Level 1:colcon.colcon_core.package_identification:_identify(src/transport_drivers) by extensions ['colcon_pkg']
[2.783s] Level 1:colcon.colcon_core.package_identification:_identify(src/transport_drivers) by extension 'colcon_pkg'
[2.783s] Level 1:colcon.colcon_core.package_identification:_identify(src/transport_drivers) by extensions ['colcon_meta']
[2.783s] Level 1:colcon.colcon_core.package_identification:_identify(src/transport_drivers) by extension 'colcon_meta'
[2.784s] Level 1:colcon.colcon_core.package_identification:_identify(src/transport_drivers) by extensions ['ros']
[2.784s] Level 1:colcon.colcon_core.package_identification:_identify(src/transport_drivers) by extension 'ros'
[2.784s] Level 1:colcon.colcon_core.package_identification:_identify(src/transport_drivers) by extensions ['cmake', 'python']
[2.784s] Level 1:colcon.colcon_core.package_identification:_identify(src/transport_drivers) by extension 'cmake'
[2.784s] Level 1:colcon.colcon_core.package_identification:_identify(src/transport_drivers) by extension 'python'
[2.784s] Level 1:colcon.colcon_core.package_identification:_identify(src/transport_drivers) by extensions ['python_setup_py']
[2.784s] Level 1:colcon.colcon_core.package_identification:_identify(src/transport_drivers) by extension 'python_setup_py'
[2.784s] Level 1:colcon.colcon_core.package_identification:_identify(src/transport_drivers/asio_cmake_module) by extensions ['ignore', 'ignore_ament_install']
[2.784s] Level 1:colcon.colcon_core.package_identification:_identify(src/transport_drivers/asio_cmake_module) by extension 'ignore'
[2.784s] Level 1:colcon.colcon_core.package_identification:_identify(src/transport_drivers/asio_cmake_module) by extension 'ignore_ament_install'
[2.785s] Level 1:colcon.colcon_core.package_identification:_identify(src/transport_drivers/asio_cmake_module) by extensions ['colcon_pkg']
[2.785s] Level 1:colcon.colcon_core.package_identification:_identify(src/transport_drivers/asio_cmake_module) by extension 'colcon_pkg'
[2.785s] Level 1:colcon.colcon_core.package_identification:_identify(src/transport_drivers/asio_cmake_module) by extensions ['colcon_meta']
[2.785s] Level 1:colcon.colcon_core.package_identification:_identify(src/transport_drivers/asio_cmake_module) by extension 'colcon_meta'
[2.785s] Level 1:colcon.colcon_core.package_identification:_identify(src/transport_drivers/asio_cmake_module) by extensions ['ros']
[2.785s] Level 1:colcon.colcon_core.package_identification:_identify(src/transport_drivers/asio_cmake_module) by extension 'ros'
[2.786s] DEBUG:colcon.colcon_core.package_identification:Package 'src/transport_drivers/asio_cmake_module' with type 'ros.ament_cmake' and name 'asio_cmake_module'
[2.786s] Level 1:colcon.colcon_core.package_identification:_identify(src/transport_drivers/io_context) by extensions ['ignore', 'ignore_ament_install']
[2.786s] Level 1:colcon.colcon_core.package_identification:_identify(src/transport_drivers/io_context) by extension 'ignore'
[2.786s] Level 1:colcon.colcon_core.package_identification:_identify(src/transport_drivers/io_context) by extension 'ignore_ament_install'
[2.786s] Level 1:colcon.colcon_core.package_identification:_identify(src/transport_drivers/io_context) by extensions ['colcon_pkg']
[2.786s] Level 1:colcon.colcon_core.package_identification:_identify(src/transport_drivers/io_context) by extension 'colcon_pkg'
[2.786s] Level 1:colcon.colcon_core.package_identification:_identify(src/transport_drivers/io_context) by extensions ['colcon_meta']
[2.786s] Level 1:colcon.colcon_core.package_identification:_identify(src/transport_drivers/io_context) by extension 'colcon_meta'
[2.787s] Level 1:colcon.colcon_core.package_identification:_identify(src/transport_drivers/io_context) by extensions ['ros']
[2.787s] Level 1:colcon.colcon_core.package_identification:_identify(src/transport_drivers/io_context) by extension 'ros'
[2.788s] DEBUG:colcon.colcon_core.package_identification:Package 'src/transport_drivers/io_context' with type 'ros.ament_cmake' and name 'io_context'
[2.788s] Level 1:colcon.colcon_core.package_identification:_identify(src/transport_drivers/serial_driver) by extensions ['ignore', 'ignore_ament_install']
[2.788s] Level 1:colcon.colcon_core.package_identification:_identify(src/transport_drivers/serial_driver) by extension 'ignore'
[2.788s] Level 1:colcon.colcon_core.package_identification:_identify(src/transport_drivers/serial_driver) by extension 'ignore_ament_install'
[2.788s] Level 1:colcon.colcon_core.package_identification:_identify(src/transport_drivers/serial_driver) by extensions ['colcon_pkg']
[2.788s] Level 1:colcon.colcon_core.package_identification:_identify(src/transport_drivers/serial_driver) by extension 'colcon_pkg'
[2.788s] Level 1:colcon.colcon_core.package_identification:_identify(src/transport_drivers/serial_driver) by extensions ['colcon_meta']
[2.788s] Level 1:colcon.colcon_core.package_identification:_identify(src/transport_drivers/serial_driver) by extension 'colcon_meta'
[2.789s] Level 1:colcon.colcon_core.package_identification:_identify(src/transport_drivers/serial_driver) by extensions ['ros']
[2.789s] Level 1:colcon.colcon_core.package_identification:_identify(src/transport_drivers/serial_driver) by extension 'ros'
[2.791s] DEBUG:colcon.colcon_core.package_identification:Package 'src/transport_drivers/serial_driver' with type 'ros.ament_cmake' and name 'serial_driver'
[2.791s] Level 1:colcon.colcon_core.package_identification:_identify(src/transport_drivers/udp_driver) by extensions ['ignore', 'ignore_ament_install']
[2.792s] Level 1:colcon.colcon_core.package_identification:_identify(src/transport_drivers/udp_driver) by extension 'ignore'
[2.792s] Level 1:colcon.colcon_core.package_identification:_identify(src/transport_drivers/udp_driver) by extension 'ignore_ament_install'
[2.792s] Level 1:colcon.colcon_core.package_identification:_identify(src/transport_drivers/udp_driver) by extensions ['colcon_pkg']
[2.792s] Level 1:colcon.colcon_core.package_identification:_identify(src/transport_drivers/udp_driver) by extension 'colcon_pkg'
[2.792s] Level 1:colcon.colcon_core.package_identification:_identify(src/transport_drivers/udp_driver) by extensions ['colcon_meta']
[2.792s] Level 1:colcon.colcon_core.package_identification:_identify(src/transport_drivers/udp_driver) by extension 'colcon_meta'
[2.792s] Level 1:colcon.colcon_core.package_identification:_identify(src/transport_drivers/udp_driver) by extensions ['ros']
[2.792s] Level 1:colcon.colcon_core.package_identification:_identify(src/transport_drivers/udp_driver) by extension 'ros'
[2.794s] DEBUG:colcon.colcon_core.package_identification:Package 'src/transport_drivers/udp_driver' with type 'ros.ament_cmake' and name 'udp_driver'
[2.794s] Level 1:colcon.colcon_core.package_identification:_identify(src/vesc) by extensions ['ignore', 'ignore_ament_install']
[2.794s] Level 1:colcon.colcon_core.package_identification:_identify(src/vesc) by extension 'ignore'
[2.794s] Level 1:colcon.colcon_core.package_identification:_identify(src/vesc) by extension 'ignore_ament_install'
[2.794s] Level 1:colcon.colcon_core.package_identification:_identify(src/vesc) by extensions ['colcon_pkg']
[2.794s] Level 1:colcon.colcon_core.package_identification:_identify(src/vesc) by extension 'colcon_pkg'
[2.794s] Level 1:colcon.colcon_core.package_identification:_identify(src/vesc) by extensions ['colcon_meta']
[2.794s] Level 1:colcon.colcon_core.package_identification:_identify(src/vesc) by extension 'colcon_meta'
[2.795s] Level 1:colcon.colcon_core.package_identification:_identify(src/vesc) by extensions ['ros']
[2.795s] Level 1:colcon.colcon_core.package_identification:_identify(src/vesc) by extension 'ros'
[2.795s] Level 1:colcon.colcon_core.package_identification:_identify(src/vesc) by extensions ['cmake', 'python']
[2.795s] Level 1:colcon.colcon_core.package_identification:_identify(src/vesc) by extension 'cmake'
[2.795s] Level 1:colcon.colcon_core.package_identification:_identify(src/vesc) by extension 'python'
[2.795s] Level 1:colcon.colcon_core.package_identification:_identify(src/vesc) by extensions ['python_setup_py']
[2.795s] Level 1:colcon.colcon_core.package_identification:_identify(src/vesc) by extension 'python_setup_py'
[2.795s] Level 1:colcon.colcon_core.package_identification:_identify(src/vesc/vesc) by extensions ['ignore', 'ignore_ament_install']
[2.795s] Level 1:colcon.colcon_core.package_identification:_identify(src/vesc/vesc) by extension 'ignore'
[2.796s] Level 1:colcon.colcon_core.package_identification:_identify(src/vesc/vesc) by extension 'ignore_ament_install'
[2.796s] Level 1:colcon.colcon_core.package_identification:_identify(src/vesc/vesc) by extensions ['colcon_pkg']
[2.796s] Level 1:colcon.colcon_core.package_identification:_identify(src/vesc/vesc) by extension 'colcon_pkg'
[2.796s] Level 1:colcon.colcon_core.package_identification:_identify(src/vesc/vesc) by extensions ['colcon_meta']
[2.796s] Level 1:colcon.colcon_core.package_identification:_identify(src/vesc/vesc) by extension 'colcon_meta'
[2.796s] Level 1:colcon.colcon_core.package_identification:_identify(src/vesc/vesc) by extensions ['ros']
[2.796s] Level 1:colcon.colcon_core.package_identification:_identify(src/vesc/vesc) by extension 'ros'
[2.797s] DEBUG:colcon.colcon_core.package_identification:Package 'src/vesc/vesc' with type 'ros.ament_cmake' and name 'vesc'
[2.797s] Level 1:colcon.colcon_core.package_identification:_identify(src/vesc/vesc_ackermann) by extensions ['ignore', 'ignore_ament_install']
[2.797s] Level 1:colcon.colcon_core.package_identification:_identify(src/vesc/vesc_ackermann) by extension 'ignore'
[2.797s] Level 1:colcon.colcon_core.package_identification:_identify(src/vesc/vesc_ackermann) by extension 'ignore_ament_install'
[2.797s] Level 1:colcon.colcon_core.package_identification:_identify(src/vesc/vesc_ackermann) by extensions ['colcon_pkg']
[2.797s] Level 1:colcon.colcon_core.package_identification:_identify(src/vesc/vesc_ackermann) by extension 'colcon_pkg'
[2.797s] Level 1:colcon.colcon_core.package_identification:_identify(src/vesc/vesc_ackermann) by extensions ['colcon_meta']
[2.798s] Level 1:colcon.colcon_core.package_identification:_identify(src/vesc/vesc_ackermann) by extension 'colcon_meta'
[2.798s] Level 1:colcon.colcon_core.package_identification:_identify(src/vesc/vesc_ackermann) by extensions ['ros']
[2.798s] Level 1:colcon.colcon_core.package_identification:_identify(src/vesc/vesc_ackermann) by extension 'ros'
[2.799s] DEBUG:colcon.colcon_core.package_identification:Package 'src/vesc/vesc_ackermann' with type 'ros.ament_cmake' and name 'vesc_ackermann'
[2.799s] Level 1:colcon.colcon_core.package_identification:_identify(src/vesc/vesc_driver) by extensions ['ignore', 'ignore_ament_install']
[2.800s] Level 1:colcon.colcon_core.package_identification:_identify(src/vesc/vesc_driver) by extension 'ignore'
[2.800s] Level 1:colcon.colcon_core.package_identification:_identify(src/vesc/vesc_driver) by extension 'ignore_ament_install'
[2.800s] Level 1:colcon.colcon_core.package_identification:_identify(src/vesc/vesc_driver) by extensions ['colcon_pkg']
[2.800s] Level 1:colcon.colcon_core.package_identification:_identify(src/vesc/vesc_driver) by extension 'colcon_pkg'
[2.800s] Level 1:colcon.colcon_core.package_identification:_identify(src/vesc/vesc_driver) by extensions ['colcon_meta']
[2.800s] Level 1:colcon.colcon_core.package_identification:_identify(src/vesc/vesc_driver) by extension 'colcon_meta'
[2.800s] Level 1:colcon.colcon_core.package_identification:_identify(src/vesc/vesc_driver) by extensions ['ros']
[2.800s] Level 1:colcon.colcon_core.package_identification:_identify(src/vesc/vesc_driver) by extension 'ros'
[2.802s] DEBUG:colcon.colcon_core.package_identification:Package 'src/vesc/vesc_driver' with type 'ros.ament_cmake' and name 'vesc_driver'
[2.802s] Level 1:colcon.colcon_core.package_identification:_identify(src/vesc/vesc_msgs) by extensions ['ignore', 'ignore_ament_install']
[2.802s] Level 1:colcon.colcon_core.package_identification:_identify(src/vesc/vesc_msgs) by extension 'ignore'
[2.802s] Level 1:colcon.colcon_core.package_identification:_identify(src/vesc/vesc_msgs) by extension 'ignore_ament_install'
[2.802s] Level 1:colcon.colcon_core.package_identification:_identify(src/vesc/vesc_msgs) by extensions ['colcon_pkg']
[2.802s] Level 1:colcon.colcon_core.package_identification:_identify(src/vesc/vesc_msgs) by extension 'colcon_pkg'
[2.802s] Level 1:colcon.colcon_core.package_identification:_identify(src/vesc/vesc_msgs) by extensions ['colcon_meta']
[2.802s] Level 1:colcon.colcon_core.package_identification:_identify(src/vesc/vesc_msgs) by extension 'colcon_meta'
[2.802s] Level 1:colcon.colcon_core.package_identification:_identify(src/vesc/vesc_msgs) by extensions ['ros']
[2.803s] Level 1:colcon.colcon_core.package_identification:_identify(src/vesc/vesc_msgs) by extension 'ros'
[2.804s] DEBUG:colcon.colcon_core.package_identification:Package 'src/vesc/vesc_msgs' with type 'ros.ament_cmake' and name 'vesc_msgs'
[2.804s] Level 1:colcon.colcon_core.package_discovery:discover_packages(recursive) using defaults
[2.804s] Level 1:colcon.colcon_core.package_discovery:discover_packages(ignore) discover
[2.804s] Level 1:colcon.colcon_core.package_discovery:discover_packages(ignore) using defaults
[2.804s] Level 1:colcon.colcon_core.package_discovery:discover_packages(path) discover
[2.804s] Level 1:colcon.colcon_core.package_discovery:discover_packages(path) using defaults
[2.969s] Level 1:colcon.colcon_core.package_discovery:discover_packages(prefix_path) check parameters
[2.969s] Level 1:colcon.colcon_core.package_discovery:discover_packages(prefix_path) discover
[3.010s] WARNING:colcon.colcon_ros.prefix_path.ament:The path '/home/samet/hallo/install/vesc' in the environment variable AMENT_PREFIX_PATH doesn't exist
[3.011s] WARNING:colcon.colcon_ros.prefix_path.ament:The path '/home/samet/hallo/install/vesc_driver' in the environment variable AMENT_PREFIX_PATH doesn't exist
[3.011s] WARNING:colcon.colcon_ros.prefix_path.ament:The path '/home/samet/hallo/install/vesc_ackermann' in the environment variable AMENT_PREFIX_PATH doesn't exist
[3.011s] WARNING:colcon.colcon_ros.prefix_path.ament:The path '/home/samet/hallo/install/vesc_msgs' in the environment variable AMENT_PREFIX_PATH doesn't exist
[3.011s] WARNING:colcon.colcon_ros.prefix_path.ament:The path '/home/samet/hallo/install/udp_driver' in the environment variable AMENT_PREFIX_PATH doesn't exist
[3.011s] WARNING:colcon.colcon_ros.prefix_path.ament:The path '/home/samet/hallo/install/team_interfaces' in the environment variable AMENT_PREFIX_PATH doesn't exist
[3.011s] WARNING:colcon.colcon_ros.prefix_path.ament:The path '/home/samet/hallo/install/serial_driver' in the environment variable AMENT_PREFIX_PATH doesn't exist
[3.012s] WARNING:colcon.colcon_ros.prefix_path.ament:The path '/home/samet/hallo/install/io_context' in the environment variable AMENT_PREFIX_PATH doesn't exist
[3.012s] WARNING:colcon.colcon_ros.prefix_path.ament:The path '/home/samet/hallo/install/camera_run' in the environment variable AMENT_PREFIX_PATH doesn't exist
[3.012s] WARNING:colcon.colcon_ros.prefix_path.ament:The path '/home/samet/hallo/install/asio_cmake_module' in the environment variable AMENT_PREFIX_PATH doesn't exist
[3.012s] WARNING:colcon.colcon_ros.prefix_path.catkin:The path '/home/samet/hallo/install/vesc' in the environment variable CMAKE_PREFIX_PATH doesn't exist
[3.012s] WARNING:colcon.colcon_ros.prefix_path.catkin:The path '/home/samet/hallo/install/vesc_driver' in the environment variable CMAKE_PREFIX_PATH doesn't exist
[3.012s] WARNING:colcon.colcon_ros.prefix_path.catkin:The path '/home/samet/hallo/install/vesc_ackermann' in the environment variable CMAKE_PREFIX_PATH doesn't exist
[3.012s] WARNING:colcon.colcon_ros.prefix_path.catkin:The path '/home/samet/hallo/install/vesc_msgs' in the environment variable CMAKE_PREFIX_PATH doesn't exist
[3.013s] WARNING:colcon.colcon_ros.prefix_path.catkin:The path '/home/samet/hallo/install/udp_driver' in the environment variable CMAKE_PREFIX_PATH doesn't exist
[3.013s] WARNING:colcon.colcon_ros.prefix_path.catkin:The path '/home/samet/hallo/install/team_interfaces' in the environment variable CMAKE_PREFIX_PATH doesn't exist
[3.013s] WARNING:colcon.colcon_ros.prefix_path.catkin:The path '/home/samet/hallo/install/serial_driver' in the environment variable CMAKE_PREFIX_PATH doesn't exist
[3.013s] WARNING:colcon.colcon_ros.prefix_path.catkin:The path '/home/samet/hallo/install/io_context' in the environment variable CMAKE_PREFIX_PATH doesn't exist
[3.013s] WARNING:colcon.colcon_ros.prefix_path.catkin:The path '/home/samet/hallo/install/asio_cmake_module' in the environment variable CMAKE_PREFIX_PATH doesn't exist
[3.042s] DEBUG:colcon.colcon_installed_package_information.package_discovery:Found 0 installed packages in /home/samet/hallo/install
[3.070s] DEBUG:colcon.colcon_installed_package_information.package_discovery:Found 270 installed packages in /opt/ros/humble
[3.072s] Level 1:colcon.colcon_core.package_discovery:discover_packages(prefix_path) using defaults
[3.242s] Level 5:colcon.colcon_core.verb:set package 'asio_cmake_module' build argument 'cmake_args' from command line to 'None'
[3.243s] Level 5:colcon.colcon_core.verb:set package 'asio_cmake_module' build argument 'cmake_target' from command line to 'None'
[3.243s] Level 5:colcon.colcon_core.verb:set package 'asio_cmake_module' build argument 'cmake_target_skip_unavailable' from command line to 'False'
[3.243s] Level 5:colcon.colcon_core.verb:set package 'asio_cmake_module' build argument 'cmake_clean_cache' from command line to 'False'
[3.243s] Level 5:colcon.colcon_core.verb:set package 'asio_cmake_module' build argument 'cmake_clean_first' from command line to 'False'
[3.243s] Level 5:colcon.colcon_core.verb:set package 'asio_cmake_module' build argument 'cmake_force_configure' from command line to 'False'
[3.243s] Level 5:colcon.colcon_core.verb:set package 'asio_cmake_module' build argument 'ament_cmake_args' from command line to 'None'
[3.243s] Level 5:colcon.colcon_core.verb:set package 'asio_cmake_module' build argument 'catkin_cmake_args' from command line to 'None'
[3.243s] Level 5:colcon.colcon_core.verb:set package 'asio_cmake_module' build argument 'catkin_skip_building_tests' from command line to 'False'
[3.243s] DEBUG:colcon.colcon_core.verb:Building package 'asio_cmake_module' with the following arguments: {'ament_cmake_args': None, 'build_base': '/home/samet/hallo/build/asio_cmake_module', 'catkin_cmake_args': None, 'catkin_skip_building_tests': False, 'cmake_args': None, 'cmake_clean_cache': False, 'cmake_clean_first': False, 'cmake_force_configure': False, 'cmake_target': None, 'cmake_target_skip_unavailable': False, 'install_base': '/home/samet/hallo/install/asio_cmake_module', 'merge_install': False, 'path': '/home/samet/hallo/src/transport_drivers/asio_cmake_module', 'symlink_install': False, 'test_result_base': None}
[3.290s] Level 5:colcon.colcon_core.verb:set package 'camera_run' build argument 'cmake_args' from command line to 'None'
[3.291s] Level 5:colcon.colcon_core.verb:set package 'camera_run' build argument 'cmake_target' from command line to 'None'
[3.291s] Level 5:colcon.colcon_core.verb:set package 'camera_run' build argument 'cmake_target_skip_unavailable' from command line to 'False'
[3.291s] Level 5:colcon.colcon_core.verb:set package 'camera_run' build argument 'cmake_clean_cache' from command line to 'False'
[3.291s] Level 5:colcon.colcon_core.verb:set package 'camera_run' build argument 'cmake_clean_first' from command line to 'False'
[3.291s] Level 5:colcon.colcon_core.verb:set package 'camera_run' build argument 'cmake_force_configure' from command line to 'False'
[3.291s] Level 5:colcon.colcon_core.verb:set package 'camera_run' build argument 'ament_cmake_args' from command line to 'None'
[3.291s] Level 5:colcon.colcon_core.verb:set package 'camera_run' build argument 'catkin_cmake_args' from command line to 'None'
[3.291s] Level 5:colcon.colcon_core.verb:set package 'camera_run' build argument 'catkin_skip_building_tests' from command line to 'False'
[3.291s] DEBUG:colcon.colcon_core.verb:Building package 'camera_run' with the following arguments: {'ament_cmake_args': None, 'build_base': '/home/samet/hallo/build/camera_run', 'catkin_cmake_args': None, 'catkin_skip_building_tests': False, 'cmake_args': None, 'cmake_clean_cache': False, 'cmake_clean_first': False, 'cmake_force_configure': False, 'cmake_target': None, 'cmake_target_skip_unavailable': False, 'install_base': '/home/samet/hallo/install/camera_run', 'merge_install': False, 'path': '/home/samet/hallo/src/camera_run', 'symlink_install': False, 'test_result_base': None}
[3.331s] Level 5:colcon.colcon_core.verb:set package 'team_interfaces' build argument 'cmake_args' from command line to 'None'
[3.331s] Level 5:colcon.colcon_core.verb:set package 'team_interfaces' build argument 'cmake_target' from command line to 'None'
[3.331s] Level 5:colcon.colcon_core.verb:set package 'team_interfaces' build argument 'cmake_target_skip_unavailable' from command line to 'False'
[3.331s] Level 5:colcon.colcon_core.verb:set package 'team_interfaces' build argument 'cmake_clean_cache' from command line to 'False'
[3.331s] Level 5:colcon.colcon_core.verb:set package 'team_interfaces' build argument 'cmake_clean_first' from command line to 'False'
[3.331s] Level 5:colcon.colcon_core.verb:set package 'team_interfaces' build argument 'cmake_force_configure' from command line to 'False'
[3.331s] Level 5:colcon.colcon_core.verb:set package 'team_interfaces' build argument 'ament_cmake_args' from command line to 'None'
[3.331s] Level 5:colcon.colcon_core.verb:set package 'team_interfaces' build argument 'catkin_cmake_args' from command line to 'None'
[3.331s] Level 5:colcon.colcon_core.verb:set package 'team_interfaces' build argument 'catkin_skip_building_tests' from command line to 'False'
[3.331s] DEBUG:colcon.colcon_core.verb:Building package 'team_interfaces' with the following arguments: {'ament_cmake_args': None, 'build_base': '/home/samet/hallo/build/team_interfaces', 'catkin_cmake_args': None, 'catkin_skip_building_tests': False, 'cmake_args': None, 'cmake_clean_cache': False, 'cmake_clean_first': False, 'cmake_force_configure': False, 'cmake_target': None, 'cmake_target_skip_unavailable': False, 'install_base': '/home/samet/hallo/install/team_interfaces', 'merge_install': False, 'path': '/home/samet/hallo/src/team_interfaces', 'symlink_install': False, 'test_result_base': None}
[3.358s] Level 5:colcon.colcon_core.verb:set package 'vesc_msgs' build argument 'cmake_args' from command line to 'None'
[3.358s] Level 5:colcon.colcon_core.verb:set package 'vesc_msgs' build argument 'cmake_target' from command line to 'None'
[3.358s] Level 5:colcon.colcon_core.verb:set package 'vesc_msgs' build argument 'cmake_target_skip_unavailable' from command line to 'False'
[3.358s] Level 5:colcon.colcon_core.verb:set package 'vesc_msgs' build argument 'cmake_clean_cache' from command line to 'False'
[3.358s] Level 5:colcon.colcon_core.verb:set package 'vesc_msgs' build argument 'cmake_clean_first' from command line to 'False'
[3.358s] Level 5:colcon.colcon_core.verb:set package 'vesc_msgs' build argument 'cmake_force_configure' from command line to 'False'
[3.358s] Level 5:colcon.colcon_core.verb:set package 'vesc_msgs' build argument 'ament_cmake_args' from command line to 'None'
[3.358s] Level 5:colcon.colcon_core.verb:set package 'vesc_msgs' build argument 'catkin_cmake_args' from command line to 'None'
[3.359s] Level 5:colcon.colcon_core.verb:set package 'vesc_msgs' build argument 'catkin_skip_building_tests' from command line to 'False'
[3.359s] DEBUG:colcon.colcon_core.verb:Building package 'vesc_msgs' with the following arguments: {'ament_cmake_args': None, 'build_base': '/home/samet/hallo/build/vesc_msgs', 'catkin_cmake_args': None, 'catkin_skip_building_tests': False, 'cmake_args': None, 'cmake_clean_cache': False, 'cmake_clean_first': False, 'cmake_force_configure': False, 'cmake_target': None, 'cmake_target_skip_unavailable': False, 'install_base': '/home/samet/hallo/install/vesc_msgs', 'merge_install': False, 'path': '/home/samet/hallo/src/vesc/vesc_msgs', 'symlink_install': False, 'test_result_base': None}
[3.390s] Level 5:colcon.colcon_core.verb:set package 'io_context' build argument 'cmake_args' from command line to 'None'
[3.391s] Level 5:colcon.colcon_core.verb:set package 'io_context' build argument 'cmake_target' from command line to 'None'
[3.391s] Level 5:colcon.colcon_core.verb:set package 'io_context' build argument 'cmake_target_skip_unavailable' from command line to 'False'
[3.391s] Level 5:colcon.colcon_core.verb:set package 'io_context' build argument 'cmake_clean_cache' from command line to 'False'
[3.391s] Level 5:colcon.colcon_core.verb:set package 'io_context' build argument 'cmake_clean_first' from command line to 'False'
[3.391s] Level 5:colcon.colcon_core.verb:set package 'io_context' build argument 'cmake_force_configure' from command line to 'False'
[3.391s] Level 5:colcon.colcon_core.verb:set package 'io_context' build argument 'ament_cmake_args' from command line to 'None'
[3.391s] Level 5:colcon.colcon_core.verb:set package 'io_context' build argument 'catkin_cmake_args' from command line to 'None'
[3.391s] Level 5:colcon.colcon_core.verb:set package 'io_context' build argument 'catkin_skip_building_tests' from command line to 'False'
[3.391s] DEBUG:colcon.colcon_core.verb:Building package 'io_context' with the following arguments: {'ament_cmake_args': None, 'build_base': '/home/samet/hallo/build/io_context', 'catkin_cmake_args': None, 'catkin_skip_building_tests': False, 'cmake_args': None, 'cmake_clean_cache': False, 'cmake_clean_first': False, 'cmake_force_configure': False, 'cmake_target': None, 'cmake_target_skip_unavailable': False, 'install_base': '/home/samet/hallo/install/io_context', 'merge_install': False, 'path': '/home/samet/hallo/src/transport_drivers/io_context', 'symlink_install': False, 'test_result_base': None}
[3.420s] Level 5:colcon.colcon_core.verb:set package 'vesc_ackermann' build argument 'cmake_args' from command line to 'None'
[3.421s] Level 5:colcon.colcon_core.verb:set package 'vesc_ackermann' build argument 'cmake_target' from command line to 'None'
[3.421s] Level 5:colcon.colcon_core.verb:set package 'vesc_ackermann' build argument 'cmake_target_skip_unavailable' from command line to 'False'
[3.421s] Level 5:colcon.colcon_core.verb:set package 'vesc_ackermann' build argument 'cmake_clean_cache' from command line to 'False'
[3.421s] Level 5:colcon.colcon_core.verb:set package 'vesc_ackermann' build argument 'cmake_clean_first' from command line to 'False'
[3.421s] Level 5:colcon.colcon_core.verb:set package 'vesc_ackermann' build argument 'cmake_force_configure' from command line to 'False'
[3.421s] Level 5:colcon.colcon_core.verb:set package 'vesc_ackermann' build argument 'ament_cmake_args' from command line to 'None'
[3.421s] Level 5:colcon.colcon_core.verb:set package 'vesc_ackermann' build argument 'catkin_cmake_args' from command line to 'None'
[3.421s] Level 5:colcon.colcon_core.verb:set package 'vesc_ackermann' build argument 'catkin_skip_building_tests' from command line to 'False'
[3.421s] DEBUG:colcon.colcon_core.verb:Building package 'vesc_ackermann' with the following arguments: {'ament_cmake_args': None, 'build_base': '/home/samet/hallo/build/vesc_ackermann', 'catkin_cmake_args': None, 'catkin_skip_building_tests': False, 'cmake_args': None, 'cmake_clean_cache': False, 'cmake_clean_first': False, 'cmake_force_configure': False, 'cmake_target': None, 'cmake_target_skip_unavailable': False, 'install_base': '/home/samet/hallo/install/vesc_ackermann', 'merge_install': False, 'path': '/home/samet/hallo/src/vesc/vesc_ackermann', 'symlink_install': False, 'test_result_base': None}
[3.452s] Level 5:colcon.colcon_core.verb:set package 'serial_driver' build argument 'cmake_args' from command line to 'None'
[3.452s] Level 5:colcon.colcon_core.verb:set package 'serial_driver' build argument 'cmake_target' from command line to 'None'
[3.452s] Level 5:colcon.colcon_core.verb:set package 'serial_driver' build argument 'cmake_target_skip_unavailable' from command line to 'False'
[3.452s] Level 5:colcon.colcon_core.verb:set package 'serial_driver' build argument 'cmake_clean_cache' from command line to 'False'
[3.453s] Level 5:colcon.colcon_core.verb:set package 'serial_driver' build argument 'cmake_clean_first' from command line to 'False'
[3.453s] Level 5:colcon.colcon_core.verb:set package 'serial_driver' build argument 'cmake_force_configure' from command line to 'False'
[3.453s] Level 5:colcon.colcon_core.verb:set package 'serial_driver' build argument 'ament_cmake_args' from command line to 'None'
[3.453s] Level 5:colcon.colcon_core.verb:set package 'serial_driver' build argument 'catkin_cmake_args' from command line to 'None'
[3.453s] Level 5:colcon.colcon_core.verb:set package 'serial_driver' build argument 'catkin_skip_building_tests' from command line to 'False'
[3.453s] DEBUG:colcon.colcon_core.verb:Building package 'serial_driver' with the following arguments: {'ament_cmake_args': None, 'build_base': '/home/samet/hallo/build/serial_driver', 'catkin_cmake_args': None, 'catkin_skip_building_tests': False, 'cmake_args': None, 'cmake_clean_cache': False, 'cmake_clean_first': False, 'cmake_force_configure': False, 'cmake_target': None, 'cmake_target_skip_unavailable': False, 'install_base': '/home/samet/hallo/install/serial_driver', 'merge_install': False, 'path': '/home/samet/hallo/src/transport_drivers/serial_driver', 'symlink_install': False, 'test_result_base': None}
[3.482s] Level 5:colcon.colcon_core.verb:set package 'udp_driver' build argument 'cmake_args' from command line to 'None'
[3.482s] Level 5:colcon.colcon_core.verb:set package 'udp_driver' build argument 'cmake_target' from command line to 'None'
[3.482s] Level 5:colcon.colcon_core.verb:set package 'udp_driver' build argument 'cmake_target_skip_unavailable' from command line to 'False'
[3.482s] Level 5:colcon.colcon_core.verb:set package 'udp_driver' build argument 'cmake_clean_cache' from command line to 'False'
[3.482s] Level 5:colcon.colcon_core.verb:set package 'udp_driver' build argument 'cmake_clean_first' from command line to 'False'
[3.482s] Level 5:colcon.colcon_core.verb:set package 'udp_driver' build argument 'cmake_force_configure' from command line to 'False'
[3.483s] Level 5:colcon.colcon_core.verb:set package 'udp_driver' build argument 'ament_cmake_args' from command line to 'None'
[3.483s] Level 5:colcon.colcon_core.verb:set package 'udp_driver' build argument 'catkin_cmake_args' from command line to 'None'
[3.483s] Level 5:colcon.colcon_core.verb:set package 'udp_driver' build argument 'catkin_skip_building_tests' from command line to 'False'
[3.483s] DEBUG:colcon.colcon_core.verb:Building package 'udp_driver' with the following arguments: {'ament_cmake_args': None, 'build_base': '/home/samet/hallo/build/udp_driver', 'catkin_cmake_args': None, 'catkin_skip_building_tests': False, 'cmake_args': None, 'cmake_clean_cache': False, 'cmake_clean_first': False, 'cmake_force_configure': False, 'cmake_target': None, 'cmake_target_skip_unavailable': False, 'install_base': '/home/samet/hallo/install/udp_driver', 'merge_install': False, 'path': '/home/samet/hallo/src/transport_drivers/udp_driver', 'symlink_install': False, 'test_result_base': None}
[3.512s] Level 5:colcon.colcon_core.verb:set package 'vesc_driver' build argument 'cmake_args' from command line to 'None'
[3.512s] Level 5:colcon.colcon_core.verb:set package 'vesc_driver' build argument 'cmake_target' from command line to 'None'
[3.512s] Level 5:colcon.colcon_core.verb:set package 'vesc_driver' build argument 'cmake_target_skip_unavailable' from command line to 'False'
[3.512s] Level 5:colcon.colcon_core.verb:set package 'vesc_driver' build argument 'cmake_clean_cache' from command line to 'False'
[3.513s] Level 5:colcon.colcon_core.verb:set package 'vesc_driver' build argument 'cmake_clean_first' from command line to 'False'
[3.513s] Level 5:colcon.colcon_core.verb:set package 'vesc_driver' build argument 'cmake_force_configure' from command line to 'False'
[3.513s] Level 5:colcon.colcon_core.verb:set package 'vesc_driver' build argument 'ament_cmake_args' from command line to 'None'
[3.513s] Level 5:colcon.colcon_core.verb:set package 'vesc_driver' build argument 'catkin_cmake_args' from command line to 'None'
[3.513s] Level 5:colcon.colcon_core.verb:set package 'vesc_driver' build argument 'catkin_skip_building_tests' from command line to 'False'
[3.513s] DEBUG:colcon.colcon_core.verb:Building package 'vesc_driver' with the following arguments: {'ament_cmake_args': None, 'build_base': '/home/samet/hallo/build/vesc_driver', 'catkin_cmake_args': None, 'catkin_skip_building_tests': False, 'cmake_args': None, 'cmake_clean_cache': False, 'cmake_clean_first': False, 'cmake_force_configure': False, 'cmake_target': None, 'cmake_target_skip_unavailable': False, 'install_base': '/home/samet/hallo/install/vesc_driver', 'merge_install': False, 'path': '/home/samet/hallo/src/vesc/vesc_driver', 'symlink_install': False, 'test_result_base': None}
[3.540s] Level 5:colcon.colcon_core.verb:set package 'vesc' build argument 'cmake_args' from command line to 'None'
[3.540s] Level 5:colcon.colcon_core.verb:set package 'vesc' build argument 'cmake_target' from command line to 'None'
[3.540s] Level 5:colcon.colcon_core.verb:set package 'vesc' build argument 'cmake_target_skip_unavailable' from command line to 'False'
[3.540s] Level 5:colcon.colcon_core.verb:set package 'vesc' build argument 'cmake_clean_cache' from command line to 'False'
[3.540s] Level 5:colcon.colcon_core.verb:set package 'vesc' build argument 'cmake_clean_first' from command line to 'False'
[3.540s] Level 5:colcon.colcon_core.verb:set package 'vesc' build argument 'cmake_force_configure' from command line to 'False'
[3.540s] Level 5:colcon.colcon_core.verb:set package 'vesc' build argument 'ament_cmake_args' from command line to 'None'
[3.540s] Level 5:colcon.colcon_core.verb:set package 'vesc' build argument 'catkin_cmake_args' from command line to 'None'
[3.540s] Level 5:colcon.colcon_core.verb:set package 'vesc' build argument 'catkin_skip_building_tests' from command line to 'False'
[3.540s] DEBUG:colcon.colcon_core.verb:Building package 'vesc' with the following arguments: {'ament_cmake_args': None, 'build_base': '/home/samet/hallo/build/vesc', 'catkin_cmake_args': None, 'catkin_skip_building_tests': False, 'cmake_args': None, 'cmake_clean_cache': False, 'cmake_clean_first': False, 'cmake_force_configure': False, 'cmake_target': None, 'cmake_target_skip_unavailable': False, 'install_base': '/home/samet/hallo/install/vesc', 'merge_install': False, 'path': '/home/samet/hallo/src/vesc/vesc', 'symlink_install': False, 'test_result_base': None}
[3.565s] INFO:colcon.colcon_core.executor:Executing jobs using 'parallel' executor
[3.591s] DEBUG:colcon.colcon_parallel_executor.executor.parallel:run_until_complete
[3.591s] INFO:colcon.colcon_ros.task.ament_cmake.build:Building ROS package in '/home/samet/hallo/src/transport_drivers/asio_cmake_module' with build type 'ament_cmake'
[3.592s] INFO:colcon.colcon_cmake.task.cmake.build:Building CMake package in '/home/samet/hallo/src/transport_drivers/asio_cmake_module'
[3.624s] INFO:colcon.colcon_core.plugin_system:Skipping extension 'colcon_core.shell.bat': Not used on non-Windows systems
[3.625s] INFO:colcon.colcon_core.shell:Skip shell extension 'powershell' for command environment: Not usable outside of PowerShell
[3.625s] DEBUG:colcon.colcon_core.shell:Skip shell extension 'dsv' for command environment
[3.746s] INFO:colcon.colcon_ros.task.ament_cmake.build:Building ROS package in '/home/samet/hallo/src/vesc/vesc_msgs' with build type 'ament_cmake'
[3.746s] INFO:colcon.colcon_cmake.task.cmake.build:Building CMake package in '/home/samet/hallo/src/vesc/vesc_msgs'
[3.787s] INFO:colcon.colcon_core.shell:Skip shell extension 'powershell' for command environment: Not usable outside of PowerShell
[3.788s] DEBUG:colcon.colcon_core.shell:Skip shell extension 'dsv' for command environment
[3.930s] INFO:colcon.colcon_ros.task.ament_python.build:Building ROS package in '/home/samet/hallo/src/camera_run' with build type 'ament_python'
[3.930s] Level 1:colcon.colcon_core.shell:create_environment_hook('camera_run', 'ament_prefix_path')
[3.960s] INFO:colcon.colcon_core.shell:Creating environment hook '/home/samet/hallo/install/camera_run/share/camera_run/hook/ament_prefix_path.ps1'
[3.963s] INFO:colcon.colcon_core.shell:Creating environment descriptor '/home/samet/hallo/install/camera_run/share/camera_run/hook/ament_prefix_path.dsv'
[3.964s] INFO:colcon.colcon_core.shell:Creating environment hook '/home/samet/hallo/install/camera_run/share/camera_run/hook/ament_prefix_path.sh'
[3.995s] INFO:colcon.colcon_core.shell:Skip shell extension 'powershell' for command environment: Not usable outside of PowerShell
[3.996s] DEBUG:colcon.colcon_core.shell:Skip shell extension 'dsv' for command environment
[4.085s] INFO:colcon.colcon_ros.task.ament_cmake.build:Building ROS package in '/home/samet/hallo/src/team_interfaces' with build type 'ament_cmake'
[4.086s] INFO:colcon.colcon_cmake.task.cmake.build:Building CMake package in '/home/samet/hallo/src/team_interfaces'
[4.116s] INFO:colcon.colcon_core.shell:Skip shell extension 'powershell' for command environment: Not usable outside of PowerShell
[4.116s] DEBUG:colcon.colcon_core.shell:Skip shell extension 'dsv' for command environment
[4.276s] DEBUG:colcon.colcon_core.event_handler.log_command:Invoking command in '/home/samet/hallo/build/asio_cmake_module': CMAKE_PREFIX_PATH=${CMAKE_PREFIX_PATH}:/opt/ros/humble:/home/samet/hallo/install/camera_run /usr/bin/cmake /home/samet/hallo/src/transport_drivers/asio_cmake_module -DCMAKE_INSTALL_PREFIX=/home/samet/hallo/install/asio_cmake_module
[4.288s] DEBUG:colcon.colcon_core.event_handler.log_command:Invoking command in '/home/samet/hallo/build/vesc_msgs': CMAKE_PREFIX_PATH=${CMAKE_PREFIX_PATH}:/opt/ros/humble:/home/samet/hallo/install/camera_run /usr/bin/cmake /home/samet/hallo/src/vesc/vesc_msgs -DCMAKE_INSTALL_PREFIX=/home/samet/hallo/install/vesc_msgs
[4.867s] INFO:colcon.colcon_core.task.python.build:Building Python package in '/home/samet/hallo/src/camera_run'
[4.903s] INFO:colcon.colcon_core.shell:Skip shell extension 'powershell' for command environment: Not usable outside of PowerShell
[4.903s] DEBUG:colcon.colcon_core.shell:Skip shell extension 'dsv' for command environment
[5.020s] DEBUG:colcon.colcon_core.event_handler.log_command:Invoking command in '/home/samet/hallo/build/team_interfaces': CMAKE_PREFIX_PATH=${CMAKE_PREFIX_PATH}:/opt/ros/humble:/home/samet/hallo/install/camera_run /usr/bin/cmake /home/samet/hallo/src/team_interfaces -DCMAKE_INSTALL_PREFIX=/home/samet/hallo/install/team_interfaces
[5.720s] DEBUG:colcon.colcon_core.event_handler.log_command:Invoking command in '/home/samet/hallo/src/camera_run': PYTHONPATH=/home/samet/hallo/build/camera_run/prefix_override:/home/samet/hallo/install/camera_run/lib/python3.10/site-packages:${PYTHONPATH} /usr/bin/python3 setup.py egg_info --egg-base ../../build/camera_run build --build-base /home/samet/hallo/build/camera_run/build install --record /home/samet/hallo/build/camera_run/install.log --single-version-externally-managed
[6.128s] DEBUG:colcon.colcon_core.event_handler.log_command:Invoked command in '/home/samet/hallo/build/asio_cmake_module' returned '0': CMAKE_PREFIX_PATH=${CMAKE_PREFIX_PATH}:/opt/ros/humble:/home/samet/hallo/install/camera_run /usr/bin/cmake /home/samet/hallo/src/transport_drivers/asio_cmake_module -DCMAKE_INSTALL_PREFIX=/home/samet/hallo/install/asio_cmake_module
[6.129s] DEBUG:colcon.colcon_core.event_handler.log_command:Invoking command in '/home/samet/hallo/build/asio_cmake_module': CMAKE_PREFIX_PATH=${CMAKE_PREFIX_PATH}:/opt/ros/humble:/home/samet/hallo/install/camera_run /usr/bin/cmake --build /home/samet/hallo/build/asio_cmake_module -- -j4 -l4
[6.259s] DEBUG:colcon.colcon_core.event_handler.log_command:Invoked command in '/home/samet/hallo/build/asio_cmake_module' returned '0': CMAKE_PREFIX_PATH=${CMAKE_PREFIX_PATH}:/opt/ros/humble:/home/samet/hallo/install/camera_run /usr/bin/cmake --build /home/samet/hallo/build/asio_cmake_module -- -j4 -l4
[6.384s] DEBUG:colcon.colcon_core.event_handler.log_command:Invoking command in '/home/samet/hallo/build/asio_cmake_module': CMAKE_PREFIX_PATH=${CMAKE_PREFIX_PATH}:/opt/ros/humble:/home/samet/hallo/install/camera_run /usr/bin/cmake --install /home/samet/hallo/build/asio_cmake_module
[6.387s] DEBUG:colcon.colcon_core.event_handler.log_command:Invoked command in '/home/samet/hallo/src/camera_run' returned '0': PYTHONPATH=/home/samet/hallo/build/camera_run/prefix_override:/home/samet/hallo/install/camera_run/lib/python3.10/site-packages:${PYTHONPATH} /usr/bin/python3 setup.py egg_info --egg-base ../../build/camera_run build --build-base /home/samet/hallo/build/camera_run/build install --record /home/samet/hallo/build/camera_run/install.log --single-version-externally-managed
[6.423s] Level 1:colcon.colcon_core.environment:checking '/home/samet/hallo/install/camera_run' for CMake module files
[6.424s] Level 1:colcon.colcon_core.environment:checking '/home/samet/hallo/install/camera_run' for CMake config files
[6.425s] Level 1:colcon.colcon_core.environment:checking '/home/samet/hallo/install/camera_run/lib'
[6.426s] Level 1:colcon.colcon_core.environment:checking '/home/samet/hallo/install/camera_run/bin'
[6.426s] Level 1:colcon.colcon_core.environment:checking '/home/samet/hallo/install/camera_run/lib/pkgconfig/camera_run.pc'
[6.426s] Level 1:colcon.colcon_core.environment:checking '/home/samet/hallo/install/camera_run/lib/python3.10/site-packages'
[6.426s] Level 1:colcon.colcon_core.shell:create_environment_hook('camera_run', 'pythonpath')
[6.469s] INFO:colcon.colcon_core.shell:Creating environment hook '/home/samet/hallo/install/camera_run/share/camera_run/hook/pythonpath.ps1'
[6.470s] INFO:colcon.colcon_core.shell:Creating environment descriptor '/home/samet/hallo/install/camera_run/share/camera_run/hook/pythonpath.dsv'
[6.471s] INFO:colcon.colcon_core.shell:Creating environment hook '/home/samet/hallo/install/camera_run/share/camera_run/hook/pythonpath.sh'
[6.472s] Level 1:colcon.colcon_core.environment:checking '/home/samet/hallo/install/camera_run/bin'
[6.472s] Level 1:colcon.colcon_core.environment:create_environment_scripts_only(camera_run)
[6.498s] INFO:colcon.colcon_core.shell:Creating package script '/home/samet/hallo/install/camera_run/share/camera_run/package.ps1'
[6.500s] INFO:colcon.colcon_core.shell:Creating package descriptor '/home/samet/hallo/install/camera_run/share/camera_run/package.dsv'
[6.501s] INFO:colcon.colcon_core.shell:Creating package script '/home/samet/hallo/install/camera_run/share/camera_run/package.sh'
[6.502s] INFO:colcon.colcon_core.shell:Creating package script '/home/samet/hallo/install/camera_run/share/camera_run/package.bash'
[6.503s] INFO:colcon.colcon_core.shell:Creating package script '/home/samet/hallo/install/camera_run/share/camera_run/package.zsh'
[6.504s] Level 1:colcon.colcon_core.environment:create_file_with_runtime_dependencies(/home/samet/hallo/install/camera_run/share/colcon-core/packages/camera_run)
[6.506s] Level 1:colcon.colcon_core.environment:create_environment_scripts_only(asio_cmake_module)
[6.508s] DEBUG:colcon.colcon_core.event_handler.log_command:Invoked command in '/home/samet/hallo/build/asio_cmake_module' returned '0': CMAKE_PREFIX_PATH=${CMAKE_PREFIX_PATH}:/opt/ros/humble:/home/samet/hallo/install/camera_run /usr/bin/cmake --install /home/samet/hallo/build/asio_cmake_module
[6.542s] Level 1:colcon.colcon_core.environment:checking '/home/samet/hallo/install/asio_cmake_module' for CMake module files
[6.543s] Level 1:colcon.colcon_core.environment:checking '/home/samet/hallo/install/asio_cmake_module' for CMake config files
[6.543s] Level 1:colcon.colcon_core.shell:create_environment_hook('asio_cmake_module', 'cmake_prefix_path')
[6.572s] INFO:colcon.colcon_core.shell:Creating environment hook '/home/samet/hallo/install/asio_cmake_module/share/asio_cmake_module/hook/cmake_prefix_path.ps1'
[6.573s] INFO:colcon.colcon_core.shell:Creating environment descriptor '/home/samet/hallo/install/asio_cmake_module/share/asio_cmake_module/hook/cmake_prefix_path.dsv'
[6.573s] INFO:colcon.colcon_core.shell:Creating environment hook '/home/samet/hallo/install/asio_cmake_module/share/asio_cmake_module/hook/cmake_prefix_path.sh'
[6.574s] Level 1:colcon.colcon_core.environment:checking '/home/samet/hallo/install/asio_cmake_module/bin'
[6.574s] Level 1:colcon.colcon_core.environment:checking '/home/samet/hallo/install/asio_cmake_module/lib/pkgconfig/asio_cmake_module.pc'
[6.575s] Level 1:colcon.colcon_core.environment:checking '/home/samet/hallo/install/asio_cmake_module/lib/python3.10/site-packages'
[6.575s] Level 1:colcon.colcon_core.environment:checking '/home/samet/hallo/install/asio_cmake_module/bin'
[6.604s] INFO:colcon.colcon_core.shell:Creating package script '/home/samet/hallo/install/asio_cmake_module/share/asio_cmake_module/package.ps1'
[6.605s] INFO:colcon.colcon_core.shell:Creating package descriptor '/home/samet/hallo/install/asio_cmake_module/share/asio_cmake_module/package.dsv'
[6.606s] INFO:colcon.colcon_core.shell:Creating package script '/home/samet/hallo/install/asio_cmake_module/share/asio_cmake_module/package.sh'
[6.606s] INFO:colcon.colcon_core.shell:Creating package script '/home/samet/hallo/install/asio_cmake_module/share/asio_cmake_module/package.bash'
[6.607s] INFO:colcon.colcon_core.shell:Creating package script '/home/samet/hallo/install/asio_cmake_module/share/asio_cmake_module/package.zsh'
[6.607s] Level 1:colcon.colcon_core.environment:create_file_with_runtime_dependencies(/home/samet/hallo/install/asio_cmake_module/share/colcon-core/packages/asio_cmake_module)
[6.706s] Level 1:colcon.colcon_core.environment:create_environment_scripts_only(asio_cmake_module)
[6.738s] Level 1:colcon.colcon_core.environment:checking '/home/samet/hallo/install/asio_cmake_module' for CMake module files
[6.739s] Level 1:colcon.colcon_core.environment:checking '/home/samet/hallo/install/asio_cmake_module' for CMake config files
[6.740s] Level 1:colcon.colcon_core.shell:create_environment_hook('asio_cmake_module', 'cmake_prefix_path')
[6.784s] INFO:colcon.colcon_core.shell:Creating environment hook '/home/samet/hallo/install/asio_cmake_module/share/asio_cmake_module/hook/cmake_prefix_path.ps1'
[6.792s] INFO:colcon.colcon_core.shell:Creating environment descriptor '/home/samet/hallo/install/asio_cmake_module/share/asio_cmake_module/hook/cmake_prefix_path.dsv'
[6.793s] INFO:colcon.colcon_core.shell:Creating environment hook '/home/samet/hallo/install/asio_cmake_module/share/asio_cmake_module/hook/cmake_prefix_path.sh'
[6.795s] Level 1:colcon.colcon_core.environment:checking '/home/samet/hallo/install/asio_cmake_module/bin'
[6.795s] Level 1:colcon.colcon_core.environment:checking '/home/samet/hallo/install/asio_cmake_module/lib/pkgconfig/asio_cmake_module.pc'
[6.796s] Level 1:colcon.colcon_core.environment:checking '/home/samet/hallo/install/asio_cmake_module/lib/python3.10/site-packages'
[6.796s] Level 1:colcon.colcon_core.environment:checking '/home/samet/hallo/install/asio_cmake_module/bin'
[6.827s] INFO:colcon.colcon_core.shell:Creating package script '/home/samet/hallo/install/asio_cmake_module/share/asio_cmake_module/package.ps1'
[6.828s] INFO:colcon.colcon_core.shell:Creating package descriptor '/home/samet/hallo/install/asio_cmake_module/share/asio_cmake_module/package.dsv'
[6.829s] INFO:colcon.colcon_core.shell:Creating package script '/home/samet/hallo/install/asio_cmake_module/share/asio_cmake_module/package.sh'
[6.830s] INFO:colcon.colcon_core.shell:Creating package script '/home/samet/hallo/install/asio_cmake_module/share/asio_cmake_module/package.bash'
[6.831s] INFO:colcon.colcon_core.shell:Creating package script '/home/samet/hallo/install/asio_cmake_module/share/asio_cmake_module/package.zsh'
[6.831s] Level 1:colcon.colcon_core.environment:create_file_with_runtime_dependencies(/home/samet/hallo/install/asio_cmake_module/share/colcon-core/packages/asio_cmake_module)
[6.832s] INFO:colcon.colcon_ros.task.ament_cmake.build:Building ROS package in '/home/samet/hallo/src/transport_drivers/io_context' with build type 'ament_cmake'
[6.832s] INFO:colcon.colcon_cmake.task.cmake.build:Building CMake package in '/home/samet/hallo/src/transport_drivers/io_context'
[6.863s] INFO:colcon.colcon_core.shell:Skip shell extension 'powershell' for command environment: Not usable outside of PowerShell
[6.863s] DEBUG:colcon.colcon_core.shell:Skip shell extension 'dsv' for command environment
[6.977s] DEBUG:colcon.colcon_core.event_handler.log_command:Invoking command in '/home/samet/hallo/build/io_context': CMAKE_PREFIX_PATH=/home/samet/hallo/install/asio_cmake_module:/home/samet/hallo/install/vesc:/home/samet/hallo/install/vesc_driver:/home/samet/hallo/install/vesc_ackermann:/home/samet/hallo/install/vesc_msgs:/home/samet/hallo/install/udp_driver:/home/samet/hallo/install/team_interfaces:/home/samet/hallo/install/serial_driver:/home/samet/hallo/install/io_context:/opt/ros/humble:/home/samet/hallo/install/camera_run /usr/bin/cmake /home/samet/hallo/src/transport_drivers/io_context -DCMAKE_INSTALL_PREFIX=/home/samet/hallo/install/io_context
[9.163s] DEBUG:colcon.colcon_core.event_handler.log_command:Invoked command in '/home/samet/hallo/build/vesc_msgs' returned '0': CMAKE_PREFIX_PATH=${CMAKE_PREFIX_PATH}:/opt/ros/humble:/home/samet/hallo/install/camera_run /usr/bin/cmake /home/samet/hallo/src/vesc/vesc_msgs -DCMAKE_INSTALL_PREFIX=/home/samet/hallo/install/vesc_msgs
[9.166s] DEBUG:colcon.colcon_core.event_handler.log_command:Invoking command in '/home/samet/hallo/build/vesc_msgs': CMAKE_PREFIX_PATH=${CMAKE_PREFIX_PATH}:/opt/ros/humble:/home/samet/hallo/install/camera_run /usr/bin/cmake --build /home/samet/hallo/build/vesc_msgs -- -j4 -l4
[9.592s] DEBUG:colcon.colcon_core.event_handler.log_command:Invoked command in '/home/samet/hallo/build/team_interfaces' returned '0': CMAKE_PREFIX_PATH=${CMAKE_PREFIX_PATH}:/opt/ros/humble:/home/samet/hallo/install/camera_run /usr/bin/cmake /home/samet/hallo/src/team_interfaces -DCMAKE_INSTALL_PREFIX=/home/samet/hallo/install/team_interfaces
[9.605s] DEBUG:colcon.colcon_core.event_handler.log_command:Invoking command in '/home/samet/hallo/build/team_interfaces': CMAKE_PREFIX_PATH=${CMAKE_PREFIX_PATH}:/opt/ros/humble:/home/samet/hallo/install/camera_run /usr/bin/cmake --build /home/samet/hallo/build/team_interfaces -- -j4 -l4
[11.731s] DEBUG:colcon.colcon_core.event_handler.log_command:Invoked command in '/home/samet/hallo/build/io_context' returned '1': CMAKE_PREFIX_PATH=/home/samet/hallo/install/asio_cmake_module:/home/samet/hallo/install/vesc:/home/samet/hallo/install/vesc_driver:/home/samet/hallo/install/vesc_ackermann:/home/samet/hallo/install/vesc_msgs:/home/samet/hallo/install/udp_driver:/home/samet/hallo/install/team_interfaces:/home/samet/hallo/install/serial_driver:/home/samet/hallo/install/io_context:/opt/ros/humble:/home/samet/hallo/install/camera_run /usr/bin/cmake /home/samet/hallo/src/transport_drivers/io_context -DCMAKE_INSTALL_PREFIX=/home/samet/hallo/install/io_context
[11.772s] Level 1:colcon.colcon_core.environment:create_environment_scripts_only(io_context)
[11.827s] Level 1:colcon.colcon_core.environment:checking '/home/samet/hallo/install/io_context' for CMake module files
[11.828s] Level 1:colcon.colcon_core.environment:checking '/home/samet/hallo/install/io_context' for CMake config files
[11.838s] Level 1:colcon.colcon_core.environment:checking '/home/samet/hallo/install/io_context/bin'
[11.838s] Level 1:colcon.colcon_core.environment:checking '/home/samet/hallo/install/io_context/lib/pkgconfig/io_context.pc'
[11.839s] Level 1:colcon.colcon_core.environment:checking '/home/samet/hallo/install/io_context/lib/python3.10/site-packages'
[11.840s] Level 1:colcon.colcon_core.environment:checking '/home/samet/hallo/install/io_context/bin'
[11.904s] INFO:colcon.colcon_core.shell:Creating package script '/home/samet/hallo/install/io_context/share/io_context/package.ps1'
[11.922s] INFO:colcon.colcon_core.shell:Creating package descriptor '/home/samet/hallo/install/io_context/share/io_context/package.dsv'
[11.922s] INFO:colcon.colcon_core.shell:Creating package script '/home/samet/hallo/install/io_context/share/io_context/package.sh'
[11.923s] INFO:colcon.colcon_core.shell:Creating package script '/home/samet/hallo/install/io_context/share/io_context/package.bash'
[11.923s] INFO:colcon.colcon_core.shell:Creating package script '/home/samet/hallo/install/io_context/share/io_context/package.zsh'
[11.924s] Level 1:colcon.colcon_core.environment:create_file_with_runtime_dependencies(/home/samet/hallo/install/io_context/share/colcon-core/packages/io_context)
[27.241s] DEBUG:colcon.colcon_parallel_executor.executor.parallel:closing loop
[27.241s] DEBUG:colcon.colcon_parallel_executor.executor.parallel:loop closed
[27.241s] DEBUG:colcon.colcon_parallel_executor.executor.parallel:run_until_complete finished with '1'
[27.241s] DEBUG:colcon.colcon_core.event_reactor:joining thread
[27.331s] INFO:colcon.colcon_core.plugin_system:Skipping extension 'colcon_notification.desktop_notification.terminal_notifier': Not used on non-Darwin systems
[27.331s] INFO:colcon.colcon_core.plugin_system:Skipping extension 'colcon_notification.desktop_notification.win32': Not used on non-Windows systems
[27.331s] INFO:colcon.colcon_notification.desktop_notification:Sending desktop notification using 'notify2'
[27.362s] DEBUG:colcon.colcon_core.event_reactor:joined thread
[27.399s] INFO:colcon.colcon_core.shell:Creating prefix script '/home/samet/hallo/install/local_setup.ps1'
[27.403s] INFO:colcon.colcon_core.shell:Creating prefix util module '/home/samet/hallo/install/_local_setup_util_ps1.py'
[27.406s] INFO:colcon.colcon_core.shell:Creating prefix chain script '/home/samet/hallo/install/setup.ps1'
[27.438s] INFO:colcon.colcon_core.shell:Creating prefix script '/home/samet/hallo/install/local_setup.sh'
[27.439s] INFO:colcon.colcon_core.shell:Creating prefix util module '/home/samet/hallo/install/_local_setup_util_sh.py'
[27.439s] INFO:colcon.colcon_core.shell:Creating prefix chain script '/home/samet/hallo/install/setup.sh'
[27.470s] INFO:colcon.colcon_core.shell:Creating prefix script '/home/samet/hallo/install/local_setup.bash'
[27.471s] INFO:colcon.colcon_core.shell:Creating prefix chain script '/home/samet/hallo/install/setup.bash'
[27.503s] INFO:colcon.colcon_core.shell:Creating prefix script '/home/samet/hallo/install/local_setup.zsh'
[27.504s] INFO:colcon.colcon_core.shell:Creating prefix chain script '/home/samet/hallo/install/setup.zsh'
